Log file open, 11/04/16 06:15:36
LogInit:Display: Running engine for game: CarCombat
LogPlatformFile: Not using cached read wrapper
LogInit:Display: RandInit(-976226753) SRandInit(-976226753).
LogTaskGraph: Started task graph with 5 named threads and 8 total threads with 1 sets of task threads.
LogStats: Stats thread started at 0.078140
LogPluginManager: Loaded Plugin Paper2D, From C:/Program Files (x86)/Epic Games/4.13/Engine/Plugins/2D/Paper2D/Paper2D.uplugin
LogPluginManager: Loaded Plugin LightPropagationVolume, From C:/Program Files (x86)/Epic Games/4.13/Engine/Plugins/Blendables/LightPropagationVolume/LightPropagationVolume.uplugin
LogPluginManager: Loaded Plugin BlankPlugin, From C:/Program Files (x86)/Epic Games/4.13/Engine/Plugins/Developer/BlankPlugin/BlankPlugin.uplugin
LogPluginManager: Loaded Plugin CodeLiteSourceCodeAccess, From C:/Program Files (x86)/Epic Games/4.13/Engine/Plugins/Developer/CodeLiteSourceCodeAccess/CodeLiteSourceCodeAccess.uplugin
LogPluginManager: Loaded Plugin GitSourceControl, From C:/Program Files (x86)/Epic Games/4.13/Engine/Plugins/Developer/GitSourceControl/GitSourceControl.uplugin
LogPluginManager: Loaded Plugin KDevelopSourceCodeAccess, From C:/Program Files (x86)/Epic Games/4.13/Engine/Plugins/Developer/KDevelopSourceCodeAccess/KDevelopSourceCodeAccess.uplugin
LogPluginManager: Loaded Plugin NullSourceCodeAccess, From C:/Program Files (x86)/Epic Games/4.13/Engine/Plugins/Developer/NullSourceCodeAccess/NullSourceCodeAccess.uplugin
LogPluginManager: Loaded Plugin OneSkyLocalizationService, From C:/Program Files (x86)/Epic Games/4.13/Engine/Plugins/Developer/OneSkyLocalizationService/OneSkyLocalizationService.uplugin
LogPluginManager: Loaded Plugin PerforceSourceControl, From C:/Program Files (x86)/Epic Games/4.13/Engine/Plugins/Developer/PerforceSourceControl/PerforceSourceControl.uplugin
LogPluginManager: Loaded Plugin SubversionSourceControl, From C:/Program Files (x86)/Epic Games/4.13/Engine/Plugins/Developer/SubversionSourceControl/SubversionSourceControl.uplugin
LogPluginManager: Loaded Plugin UObjectPlugin, From C:/Program Files (x86)/Epic Games/4.13/Engine/Plugins/Developer/UObjectPlugin/UObjectPlugin.uplugin
LogPluginManager: Loaded Plugin VisualStudioSourceCodeAccess, From C:/Program Files (x86)/Epic Games/4.13/Engine/Plugins/Developer/VisualStudioSourceCodeAccess/VisualStudioSourceCodeAccess.uplugin
LogPluginManager: Loaded Plugin XCodeSourceCodeAccess, From C:/Program Files (x86)/Epic Games/4.13/Engine/Plugins/Developer/XCodeSourceCodeAccess/XCodeSourceCodeAccess.uplugin
LogPluginManager: Loaded Plugin EpicSurvey, From C:/Program Files (x86)/Epic Games/4.13/Engine/Plugins/Editor/EpicSurvey/EpicSurvey.uplugin
LogPluginManager: Loaded Plugin MacGraphicsSwitching, From C:/Program Files (x86)/Epic Games/4.13/Engine/Plugins/Editor/MacGraphicsSwitching/MacGraphicsSwitching.uplugin
LogPluginManager: Loaded Plugin MobileLauncherProfileWizard, From C:/Program Files (x86)/Epic Games/4.13/Engine/Plugins/Editor/MobileLauncherProfileWizard/MobileLauncherProfileWizard.uplugin
LogPluginManager: Loaded Plugin PluginBrowser, From C:/Program Files (x86)/Epic Games/4.13/Engine/Plugins/Editor/PluginBrowser/PluginBrowser.uplugin
LogPluginManager: Loaded Plugin SpeedTreeImporter, From C:/Program Files (x86)/Epic Games/4.13/Engine/Plugins/Editor/SpeedTreeImporter/SpeedTreeImporter.uplugin
LogPluginManager: Loaded Plugin SuperSearchEditor, From C:/Program Files (x86)/Epic Games/4.13/Engine/Plugins/Editor/SuperSearchEditor/SuperSearchEditor.uplugin
LogPluginManager: Loaded Plugin AlembicImporter, From C:/Program Files (x86)/Epic Games/4.13/Engine/Plugins/Experimental/AlembicImporter/AlembicImporter.uplugin
LogPluginManager: Loaded Plugin BlueprintStats, From C:/Program Files (x86)/Epic Games/4.13/Engine/Plugins/Experimental/BlueprintStats/BlueprintStats.uplugin
LogPluginManager: Loaded Plugin CharacterAI, From C:/Program Files (x86)/Epic Games/4.13/Engine/Plugins/Experimental/CharacterAI/CharacterAI.uplugin
LogPluginManager: Loaded Plugin CodeEditor, From C:/Program Files (x86)/Epic Games/4.13/Engine/Plugins/Experimental/CodeEditor/CodeEditor.uplugin
LogPluginManager: Loaded Plugin CodeView, From C:/Program Files (x86)/Epic Games/4.13/Engine/Plugins/Experimental/CodeView/CodeView.uplugin
LogPluginManager: Loaded Plugin HTML5Networking, From C:/Program Files (x86)/Epic Games/4.13/Engine/Plugins/Experimental/HTML5Networking/HTML5Networking.uplugin
LogPluginManager: Loaded Plugin LiveEditor, From C:/Program Files (x86)/Epic Games/4.13/Engine/Plugins/Experimental/LiveEditor/LiveEditor.uplugin
LogPluginManager: Loaded Plugin OSVR, From C:/Program Files (x86)/Epic Games/4.13/Engine/Plugins/Experimental/OSVR/OSVR.uplugin
LogPluginManager: Loaded Plugin Phya, From C:/Program Files (x86)/Epic Games/4.13/Engine/Plugins/Experimental/Phya/Phya.uplugin
LogPluginManager: Loaded Plugin SignificanceManager, From C:/Program Files (x86)/Epic Games/4.13/Engine/Plugins/Experimental/SignificanceManager/SignificanceManager.uplugin
LogPluginManager: Loaded Plugin SimpleHMD, From C:/Program Files (x86)/Epic Games/4.13/Engine/Plugins/Experimental/SimpleHMD/SimpleHMD.uplugin
LogPluginManager: Loaded Plugin StereoPanorama, From C:/Program Files (x86)/Epic Games/4.13/Engine/Plugins/Experimental/StereoPanorama/StereoPanorama.uplugin
LogPluginManager: Loaded Plugin StructBox, From C:/Program Files (x86)/Epic Games/4.13/Engine/Plugins/Experimental/StructBox/StructBox.uplugin
LogPluginManager: Loaded Plugin AndroidMedia, From C:/Program Files (x86)/Epic Games/4.13/Engine/Plugins/Media/AndroidMedia/AndroidMedia.uplugin
LogPluginManager: Loaded Plugin AvfMedia, From C:/Program Files (x86)/Epic Games/4.13/Engine/Plugins/Media/AvfMedia/AvfMedia.uplugin
LogPluginManager: Loaded Plugin MediaPlayerEditor, From C:/Program Files (x86)/Epic Games/4.13/Engine/Plugins/Media/MediaPlayerEditor/MediaPlayerEditor.uplugin
LogPluginManager: Loaded Plugin WmfMedia, From C:/Program Files (x86)/Epic Games/4.13/Engine/Plugins/Media/WmfMedia/WmfMedia.uplugin
LogPluginManager: Loaded Plugin MessagingDebugger, From C:/Program Files (x86)/Epic Games/4.13/Engine/Plugins/Messaging/MessagingDebugger/MessagingDebugger.uplugin
LogPluginManager: Loaded Plugin TcpMessaging, From C:/Program Files (x86)/Epic Games/4.13/Engine/Plugins/Messaging/TcpMessaging/TcpMessaging.uplugin
LogPluginManager: Loaded Plugin UdpMessaging, From C:/Program Files (x86)/Epic Games/4.13/Engine/Plugins/Messaging/UdpMessaging/UdpMessaging.uplugin
LogPluginManager: Loaded Plugin LevelSequenceEditor, From C:/Program Files (x86)/Epic Games/4.13/Engine/Plugins/MovieScene/LevelSequenceEditor/LevelSequenceEditor.uplugin
LogPluginManager: Loaded Plugin MatineeToLevelSequence, From C:/Program Files (x86)/Epic Games/4.13/Engine/Plugins/MovieScene/MatineeToLevelSequence/MatineeToLevelSequence.uplugin
LogPluginManager: Loaded Plugin NetcodeUnitTest, From C:/Program Files (x86)/Epic Games/4.13/Engine/Plugins/NetcodeUnitTest/NetcodeUnitTest/NetcodeUnitTest.uplugin
LogPluginManager: Loaded Plugin NUTUnrealEngine4, From C:/Program Files (x86)/Epic Games/4.13/Engine/Plugins/NetcodeUnitTest/NUTUnrealEngine4/NUTUnrealEngine4.uplugin
LogPluginManager: Loaded Plugin OnlineSubsystemGooglePlay, From C:/Program Files (x86)/Epic Games/4.13/Engine/Plugins/Online/Android/OnlineSubsystemGooglePlay/OnlineSubsystemGooglePlay.uplugin
LogPluginManager: Loaded Plugin OnlineSubsystemIOS, From C:/Program Files (x86)/Epic Games/4.13/Engine/Plugins/Online/IOS/OnlineSubsystemIOS/OnlineSubsystemIOS.uplugin
LogPluginManager: Loaded Plugin OnlineFramework, From C:/Program Files (x86)/Epic Games/4.13/Engine/Plugins/Online/OnlineFramework/OnlineFramework.uplugin
LogPluginManager: Loaded Plugin OnlineSubsystem, From C:/Program Files (x86)/Epic Games/4.13/Engine/Plugins/Online/OnlineSubsystem/OnlineSubsystem.uplugin
LogPluginManager: Loaded Plugin OnlineSubsystemAmazon, From C:/Program Files (x86)/Epic Games/4.13/Engine/Plugins/Online/OnlineSubsystemAmazon/OnlineSubsystemAmazon.uplugin
LogPluginManager: Loaded Plugin OnlineSubsystemFacebook, From C:/Program Files (x86)/Epic Games/4.13/Engine/Plugins/Online/OnlineSubsystemFacebook/OnlineSubsystemFacebook.uplugin
LogPluginManager: Loaded Plugin OnlineSubsystemNull, From C:/Program Files (x86)/Epic Games/4.13/Engine/Plugins/Online/OnlineSubsystemNull/OnlineSubsystemNull.uplugin
LogPluginManager: Loaded Plugin OnlineSubsystemOculus, From C:/Program Files (x86)/Epic Games/4.13/Engine/Plugins/Online/OnlineSubsystemOculus/OnlineSubsystemOculus.uplugin
LogPluginManager: Loaded Plugin OnlineSubsystemSteam, From C:/Program Files (x86)/Epic Games/4.13/Engine/Plugins/Online/OnlineSubsystemSteam/OnlineSubsystemSteam.uplugin
LogPluginManager: Loaded Plugin OnlineSubsystemUtils, From C:/Program Files (x86)/Epic Games/4.13/Engine/Plugins/Online/OnlineSubsystemUtils/OnlineSubsystemUtils.uplugin
LogPluginManager: Loaded Plugin IOSTapJoy, From C:/Program Files (x86)/Epic Games/4.13/Engine/Plugins/Runtime/Advertising/IOSTapJoy/IOSTapJoy.uplugin
LogPluginManager: Loaded Plugin AnalyticsBlueprintLibrary, From C:/Program Files (x86)/Epic Games/4.13/Engine/Plugins/Runtime/Analytics/AnalyticsBlueprintLibrary/AnalyticsBlueprintLibrary.uplugin
LogPluginManager: Loaded Plugin AnalyticsMulticast, From C:/Program Files (x86)/Epic Games/4.13/Engine/Plugins/Runtime/Analytics/AnalyticsMulticast/AnalyticsMulticast.uplugin
LogPluginManager: Loaded Plugin Apsalar, From C:/Program Files (x86)/Epic Games/4.13/Engine/Plugins/Runtime/Analytics/Apsalar/Apsalar.uplugin
LogPluginManager: Loaded Plugin FileLogging, From C:/Program Files (x86)/Epic Games/4.13/Engine/Plugins/Runtime/Analytics/FileLogging/FileLogging.uplugin
LogPluginManager: Loaded Plugin Flurry, From C:/Program Files (x86)/Epic Games/4.13/Engine/Plugins/Runtime/Analytics/Flurry/Flurry.uplugin
LogPluginManager: Loaded Plugin AndroidDeviceProfileSelector, From C:/Program Files (x86)/Epic Games/4.13/Engine/Plugins/Runtime/AndroidDeviceProfileSelector/AndroidDeviceProfileSelector.uplugin
LogPluginManager: Loaded Plugin AndroidMoviePlayer, From C:/Program Files (x86)/Epic Games/4.13/Engine/Plugins/Runtime/AndroidMoviePlayer/AndroidMoviePlayer.uplugin
LogPluginManager: Loaded Plugin AppleMoviePlayer, From C:/Program Files (x86)/Epic Games/4.13/Engine/Plugins/Runtime/AppleMoviePlayer/AppleMoviePlayer.uplugin
LogPluginManager: Loaded Plugin ArchVisCharacter, From C:/Program Files (x86)/Epic Games/4.13/Engine/Plugins/Runtime/ArchVisCharacter/ArchVisCharacter.uplugin
LogPluginManager: Loaded Plugin CableComponent, From C:/Program Files (x86)/Epic Games/4.13/Engine/Plugins/Runtime/CableComponent/CableComponent.uplugin
LogPluginManager: Loaded Plugin CustomMeshComponent, From C:/Program Files (x86)/Epic Games/4.13/Engine/Plugins/Runtime/CustomMeshComponent/CustomMeshComponent.uplugin
LogPluginManager: Loaded Plugin ExampleDeviceProfileSelector, From C:/Program Files (x86)/Epic Games/4.13/Engine/Plugins/Runtime/ExampleDeviceProfileSelector/ExampleDeviceProfileSelector.uplugin
LogPluginManager: Loaded Plugin GearVR, From C:/Program Files (x86)/Epic Games/4.13/Engine/Plugins/Runtime/GearVR/GearVR.uplugin
LogPluginManager: Loaded Plugin GoogleVRController, From C:/Program Files (x86)/Epic Games/4.13/Engine/Plugins/Runtime/GoogleVR/GoogleVRController/GoogleVRController.uplugin
LogPluginManager: Loaded Plugin GoogleVRHMD, From C:/Program Files (x86)/Epic Games/4.13/Engine/Plugins/Runtime/GoogleVR/GoogleVRHMD/GoogleVRHMD.uplugin
LogPluginManager: Loaded Plugin IOSDeviceProfileSelector, From C:/Program Files (x86)/Epic Games/4.13/Engine/Plugins/Runtime/IOSDeviceProfileSelector/IOSDeviceProfileSelector.uplugin
LogPluginManager: Loaded Plugin LeapMotion, From C:/Program Files (x86)/Epic Games/4.13/Engine/Plugins/Runtime/LeapMotion/LeapMotion.uplugin
LogPluginManager: Loaded Plugin LinuxDeviceProfileSelector, From C:/Program Files (x86)/Epic Games/4.13/Engine/Plugins/Runtime/LinuxDeviceProfileSelector/LinuxDeviceProfileSelector.uplugin
LogPluginManager: Loaded Plugin LiveEditorListenServer, From C:/Program Files (x86)/Epic Games/4.13/Engine/Plugins/Runtime/LiveEditorListenServer/LiveEditorListenServer.uplugin
LogPluginManager: Loaded Plugin OculusAudio, From C:/Program Files (x86)/Epic Games/4.13/Engine/Plugins/Runtime/OculusAudio/OculusAudio.uplugin
LogPluginManager: Loaded Plugin OculusInput, From C:/Program Files (x86)/Epic Games/4.13/Engine/Plugins/Runtime/OculusInput/OculusInput.uplugin
LogPluginManager: Loaded Plugin OculusLibrary, From C:/Program Files (x86)/Epic Games/4.13/Engine/Plugins/Runtime/OculusLibrary/OculusLibrary.uplugin
LogPluginManager: Loaded Plugin OculusRift, From C:/Program Files (x86)/Epic Games/4.13/Engine/Plugins/Runtime/OculusRift/OculusRift.uplugin
LogPluginManager: Loaded Plugin Oodle, From C:/Program Files (x86)/Epic Games/4.13/Engine/Plugins/Runtime/PacketHandlers/CompressionComponents/Oodle/Oodle.uplugin
LogPluginManager: Loaded Plugin ProceduralMeshComponent, From C:/Program Files (x86)/Epic Games/4.13/Engine/Plugins/Runtime/ProceduralMeshComponent/ProceduralMeshComponent.uplugin
LogPluginManager: Loaded Plugin SoundMod, From C:/Program Files (x86)/Epic Games/4.13/Engine/Plugins/Runtime/SoundMod/SoundMod.uplugin
LogPluginManager: Loaded Plugin SoundVisualizations, From C:/Program Files (x86)/Epic Games/4.13/Engine/Plugins/Runtime/SoundVisualizations/SoundVisualizations.uplugin
LogPluginManager: Loaded Plugin SteamController, From C:/Program Files (x86)/Epic Games/4.13/Engine/Plugins/Runtime/Steam/SteamController/SteamController.uplugin
LogPluginManager: Loaded Plugin SteamVR, From C:/Program Files (x86)/Epic Games/4.13/Engine/Plugins/Runtime/Steam/SteamVR/SteamVR.uplugin
LogPluginManager: Loaded Plugin WebBrowserWidget, From C:/Program Files (x86)/Epic Games/4.13/Engine/Plugins/Runtime/WebBrowserWidget/WebBrowserWidget.uplugin
LogPluginManager: Loaded Plugin WindowsDeviceProfileSelector, From C:/Program Files (x86)/Epic Games/4.13/Engine/Plugins/Runtime/WindowsDeviceProfileSelector/WindowsDeviceProfileSelector.uplugin
LogPluginManager: Loaded Plugin WindowsMoviePlayer, From C:/Program Files (x86)/Epic Games/4.13/Engine/Plugins/Runtime/WindowsMoviePlayer/WindowsMoviePlayer.uplugin
LogPluginManager: Loaded Plugin ScriptPlugin, From C:/Program Files (x86)/Epic Games/4.13/Engine/Plugins/ScriptPlugin/ScriptPlugin.uplugin
LogPluginManager: Loaded Plugin SlateRemote, From C:/Program Files (x86)/Epic Games/4.13/Engine/Plugins/Slate/SlateRemote/SlateRemote.uplugin
LogInit: Using libcurl 7.47.1
LogInit:  - built for x86_64-pc-win32
LogInit:  - supports SSL with WinSSL
LogInit:  - other features:
LogInit:      CURL_VERSION_SSL
LogInit:      CURL_VERSION_IPV6
LogInit:      CURL_VERSION_ASYNCHDNS
LogInit:      CURL_VERSION_LARGEFILE
LogInit:      CURL_VERSION_IDN
LogInit:  CurlRequestOptions (configurable via config and command line):
LogInit:  - bVerifyPeer = false  - Libcurl will NOT verify peer certificate
LogInit:  - bUseHttpProxy = false  - Libcurl will NOT use HTTP proxy
LogInit:  - bDontReuseConnections = false  - Libcurl will reuse connections
LogInit:  - CertBundlePath = nullptr  - Libcurl will use whatever was configured at build time.
LogInit: Build: ++UE4+Release-4.13-CL-3106830
LogInit: Engine Version: 4.13.0-3106830+++UE4+Release-4.13
LogInit: Compatible Engine Version: 4.13.0-3106830+++UE4+Release-4.13
LogInit: Net CL: 3106830
LogDevObjectVersion: Number of dev versions registered: 13
LogDevObjectVersion:   Dev-Blueprints (B0D832E4-1F89-4F0D-ACCF-7EB736FD4AA2): 5
LogDevObjectVersion:   Dev-Build (E1C64328-A22C-4D53-A36C-8E866417BD8C): 0
LogDevObjectVersion:   Dev-Core (375EC13C-06E4-48FB-B500-84F0262A717E): 1
LogDevObjectVersion:   Dev-Editor (E4B068ED-F494-42E9-A231-DA0B2E46BB41): 6
LogDevObjectVersion:   Dev-Framework (CFFC743F-43B0-4480-9391-14DF171D2073): 12
LogDevObjectVersion:   Dev-Mobile (B02B49B5-BB20-44E9-A304-32B752E40360): 0
LogDevObjectVersion:   Dev-Networking (A4E4105C-59A1-49B5-A7C5-40C4547EDFEE): 0
LogDevObjectVersion:   Dev-Online (39C831C9-5AE6-47DC-9A44-9C173E1C8E7C): 0
LogDevObjectVersion:   Dev-Physics (78F01B33-EBEA-4F98-B9B4-84EACCB95AA2): 0
LogDevObjectVersion:   Dev-Platform (6631380F-2D4D-43E0-8009-CF276956A95A): 0
LogDevObjectVersion:   Dev-Rendering (12F88B9F-8875-4AFC-A67C-D90C383ABD29): 4
LogDevObjectVersion:   Dev-Sequencer (7B5AE74C-D270-4C10-A958-57980B212A5A): 0
LogDevObjectVersion:   Dev-VR (D7296918-1DD6-4BDD-9DE2-64A83CC13884): 0
LogInit: Compiled (64-bit): Aug 30 2016 18:11:39
LogInit: Compiled with Visual C++: 19.00.23026.00
LogInit: Build Configuration: Development
LogInit: Branch Name: ++UE4+Release-4.13
LogInit: Command line: -EpicPortal 
LogInit: Base directory: C:/Program Files (x86)/Epic Games/4.13/Engine/Binaries/Win64/
LogInit: Installed Engine Build: 1
LogInit: Presizing for max 8388607 objects, including 0 objects not considered by GC, pre-allocating 0 bytes for permanent pool.
LogInit: Object subsystem initialized
[2016.11.04-10.15.36:223][  0]LogInit: Selected Device Profile: [Windows]
[2016.11.04-10.15.36:223][  0]LogInit: Applying CVar settings loaded from the selected device profile: [Windows]
[2016.11.04-10.15.36:237][  0]LogInit: Computer: ANDREW
[2016.11.04-10.15.36:237][  0]LogInit: User: Andrew
[2016.11.04-10.15.36:237][  0]LogInit: CPU Page size=65536, Cores=4
[2016.11.04-10.15.36:237][  0]LogInit: High frequency timer resolution =2.533211 MHz
[2016.11.04-10.15.36:237][  0]LogMemory: Memory total: Physical=11.9GB (12GB approx)
[2016.11.04-10.15.36:237][  0]LogMemory: Platform Memory Stats for Windows
[2016.11.04-10.15.36:237][  0]LogMemory: Process Physical Memory: 256.64 MB used, 256.64 MB peak
[2016.11.04-10.15.36:237][  0]LogMemory: Process Virtual Memory: 260.23 MB used, 260.23 MB peak
[2016.11.04-10.15.36:237][  0]LogMemory: Physical Memory: 6989.80 MB used, 12177.04 MB total
[2016.11.04-10.15.36:237][  0]LogMemory: Virtual Memory: 623.22 MB used, 134217728.00 MB total
[2016.11.04-10.15.36:267][  0]LogTextLocalizationManager: No specific translations for ('en-US') exist, so ('en') translations will be used.
[2016.11.04-10.15.36:841][  0]LogD3D11RHI: D3D11 adapters:
[2016.11.04-10.15.37:373][  0]LogD3D11RHI:    0. 'NVIDIA GeForce GTX 960M' (Feature Level 11_0)
[2016.11.04-10.15.37:373][  0]LogD3D11RHI:       2018/0/6088 MB DedicatedVideo/DedicatedSystem/SharedSystem, Outputs:2, VendorId:0x10de
[2016.11.04-10.15.37:379][  0]LogD3D11RHI:    1. 'Intel(R) HD Graphics 4600' (Feature Level 11_0)
[2016.11.04-10.15.37:379][  0]LogD3D11RHI:       112/0/2048 MB DedicatedVideo/DedicatedSystem/SharedSystem, Outputs:0, VendorId:0x8086
[2016.11.04-10.15.37:380][  0]LogD3D11RHI:    2. 'Microsoft Basic Render Driver' (Feature Level 11_0)
[2016.11.04-10.15.37:380][  0]LogD3D11RHI:       0/0/6088 MB DedicatedVideo/DedicatedSystem/SharedSystem, Outputs:0, VendorId:0x1414
[2016.11.04-10.15.37:380][  0]LogD3D11RHI: Chosen D3D11 Adapter: 0
[2016.11.04-10.15.37:386][  0]LogD3D11RHI: Creating new Direct3DDevice
[2016.11.04-10.15.37:386][  0]LogD3D11RHI:     GPU DeviceId: 0x139b (for the marketing name, search the web for "GPU Device Id")
[2016.11.04-10.15.37:386][  0]LogWindows: EnumDisplayDevices:
[2016.11.04-10.15.37:386][  0]LogWindows:    0. 'Intel(R) HD Graphics 4600' (P:0 D:1)
[2016.11.04-10.15.37:386][  0]LogWindows:    1. 'Intel(R) HD Graphics 4600' (P:1 D:1)
[2016.11.04-10.15.37:386][  0]LogWindows:    2. 'Intel(R) HD Graphics 4600' (P:0 D:0)
[2016.11.04-10.15.37:386][  0]LogWindows: DebugString: PrimaryIsNotTheChoosenAdapter PrimaryIsNotTheChoosenAdapter PrimaryIsNotTheChoosenAdapter FoundDriverCount:0 
[2016.11.04-10.15.37:386][  0]LogD3D11RHI:     Adapter Name: NVIDIA GeForce GTX 960M
[2016.11.04-10.15.37:386][  0]LogD3D11RHI:   Driver Version: Unknown (internal:Unknown, unified:Unknown)
[2016.11.04-10.15.37:386][  0]LogD3D11RHI:      Driver Date: Unknown
[2016.11.04-10.15.37:386][  0]LogRHI: Texture pool is 1361 MB (70% of 1945 MB)
[2016.11.04-10.15.37:905][  0]LogD3D11RHI: Async texture creation enabled
[2016.11.04-10.15.37:958][  0]LogD3D11RHI: GPU Timing Frequency: 1000.000000 (Debug: 2 1)
[2016.11.04-10.15.37:958][  0]LogShaderCompilers: Guid format shader working directory is -35 characters bigger than the processId version (D:/Users/Andrew/Google Drive/Programming Projects-Year2-Sem1/Studio Lab/CarCombat/Intermediate/Shaders/WorkingDirectory/17224/).
[2016.11.04-10.15.37:959][  0]LogShaderCompilers: Cleaned the shader compiler working directory 'C:/Users/Andrew/AppData/Local/Temp/UnrealShaderWorkingDir/F92AE69B4B81A446844717A31865FF5A/'.
[2016.11.04-10.15.37:959][  0]LogShaderCompilers:Display: Using Local Shader Compiler.
[2016.11.04-10.15.38:968][  0]LogTemp:Display: Loaded TP AllDesktopTargetPlatform
[2016.11.04-10.15.38:978][  0]LogTemp:Display: Loaded TP WindowsClientTargetPlatform
[2016.11.04-10.15.38:988][  0]LogTemp:Display: Loaded TP WindowsNoEditorTargetPlatform
[2016.11.04-10.15.38:998][  0]LogTemp:Display: Loaded TP WindowsServerTargetPlatform
[2016.11.04-10.15.39:006][  0]LogTemp:Display: Loaded TP WindowsTargetPlatform
[2016.11.04-10.15.39:014][  0]LogTemp:Display: Loaded TP AndroidTargetPlatform
[2016.11.04-10.15.39:020][  0]LogTemp:Display: Loaded TP Android_ASTCTargetPlatform
[2016.11.04-10.15.39:027][  0]LogTemp:Display: Loaded TP Android_ATCTargetPlatform
[2016.11.04-10.15.39:034][  0]LogTemp:Display: Loaded TP Android_DXTTargetPlatform
[2016.11.04-10.15.39:040][  0]LogTemp:Display: Loaded TP Android_ETC1TargetPlatform
[2016.11.04-10.15.39:048][  0]LogTemp:Display: Loaded TP Android_ETC2TargetPlatform
[2016.11.04-10.15.39:060][  0]LogTemp:Display: Loaded TP Android_MultiTargetPlatform
[2016.11.04-10.15.39:060][  0]LogTemp:Display: Loaded TP Android_PVRTCTargetPlatform
[2016.11.04-10.15.39:062][  0]LogTemp:Display: Loaded TP HTML5TargetPlatform
[2016.11.04-10.15.39:083][  0]LogTemp:Display: Loaded TP IOSTargetPlatform
[2016.11.04-10.15.39:089][  0]LogTemp:Display: Loaded TP TVOSTargetPlatform
[2016.11.04-10.15.39:095][  0]LogTemp:Display: Loaded TP LinuxClientTargetPlatform
[2016.11.04-10.15.39:102][  0]LogTemp:Display: Loaded TP LinuxNoEditorTargetPlatform
[2016.11.04-10.15.39:108][  0]LogTemp:Display: Loaded TP LinuxServerTargetPlatform
[2016.11.04-10.15.39:115][  0]LogTemp:Display: Loaded TP LinuxTargetPlatform
[2016.11.04-10.15.39:116][  0]LogTargetPlatformManager:Display: Building Assets For Windows
[2016.11.04-10.15.39:217][  0]LogDerivedDataCache:Display: Max Cache Size: 512 MB
[2016.11.04-10.15.39:295][  0]LogDerivedDataCache: Loaded boot cache 0.08s 62MB C:/Users/Andrew/AppData/Local/UnrealEngine/4.13/DerivedDataCache/Boot.ddc.
[2016.11.04-10.15.39:295][  0]LogDerivedDataCache:Display: Loaded Boot cache: C:/Users/Andrew/AppData/Local/UnrealEngine/4.13/DerivedDataCache/Boot.ddc
[2016.11.04-10.15.39:295][  0]LogDerivedDataCache: FDerivedDataBackendGraph:  Pak pak cache file D:/Users/Andrew/Google Drive/Programming Projects-Year2-Sem1/Studio Lab/CarCombat/DerivedDataCache/DDC.ddp not found, will not use a pak cache.
[2016.11.04-10.15.39:295][  0]LogDerivedDataCache: Unable to find inner node Pak for hierarchical cache Hierarchy.
[2016.11.04-10.15.39:295][  0]LogDerivedDataCache: FDerivedDataBackendGraph:  CompressedPak pak cache file D:/Users/Andrew/Google Drive/Programming Projects-Year2-Sem1/Studio Lab/CarCombat/DerivedDataCache/Compressed.ddp not found, will not use a pak cache.
[2016.11.04-10.15.39:295][  0]LogDerivedDataCache: Unable to find inner node CompressedPak for hierarchical cache Hierarchy.
[2016.11.04-10.15.39:313][  0]LogDerivedDataCache:Display: Pak cache opened for reading ../../../Engine/DerivedDataCache/Compressed.ddp.
[2016.11.04-10.15.39:325][  0]LogDerivedDataCache: Using Local data cache path C:/Users/Andrew/AppData/Local/UnrealEngine/Common/DerivedDataCache: Writable
[2016.11.04-10.15.39:548][  0]LogInit: Selected Device Profile: [Windows]
[2016.11.04-10.15.39:551][  0]LogContentStreaming: Texture pool size is 0.00 MB
[2016.11.04-10.15.39:644][  0]LogMeshUtilities: No automatic mesh reduction module available
[2016.11.04-10.15.39:644][  0]LogMeshUtilities: No automatic mesh merging module available
[2016.11.04-10.15.39:644][  0]LogMeshUtilities: No distributed automatic mesh merging module available
[2016.11.04-10.15.39:713][  0]LogMaterial: Uniform references updated for custom material expression Custom.
[2016.11.04-10.15.40:026][  0]LogNetVersion: GetLocalNetworkVersion: CL: 3106830, ProjectName: carcombat, ProjectVersion: , EngineNetworkVersion: 1, GameNetworkVersion: 0, NetworkChecksum: 3366185941
[2016.11.04-10.15.40:064][  0]LogAssetRegistry: FAssetRegistry took 0.0217 seconds to start up
[2016.11.04-10.15.40:150][  0]LogPackageLocalizationCache: Processed 3 localized package path(s) for 2 prioritized culture(s) in 0.083430 seconds
[2016.11.04-10.15.40:157][  0]LogUObjectArray: 29777 objects as part of root set at end of initial load.
[2016.11.04-10.15.40:157][  0]LogUObjectAllocator: 6124696 out of 0 bytes used by permanent object pool.
[2016.11.04-10.15.40:157][  0]LogUObjectArray: CloseDisregardForGC: 0/0 objects in disregard for GC pool
[2016.11.04-10.15.40:165][  0]LogInit: WinSock: version 1.1 (2.2), MaxSocks=32767, MaxUdp=65467
[2016.11.04-10.15.40:386][  0]LogSlate: SlateFontCache - WITH_FREETYPE: 1, WITH_HARFBUZZ: 1
[2016.11.04-10.15.40:387][  0]LogSlate: SlateFontCache - WITH_FREETYPE: 1, WITH_HARFBUZZ: 1
[2016.11.04-10.15.41:083][  0]LogUdpMessaging: Initializing bridge on interface 0.0.0.0:0 to multicast group 230.0.0.1:6666.
[2016.11.04-10.15.41:322][  0]SourceControl: Info Source control is disabled
[2016.11.04-10.15.41:355][  0]SourceControl: Info Source control is disabled
[2016.11.04-10.15.41:365][  0]SourceControl: Info Source control is disabled
[2016.11.04-10.15.41:374][  0]SourceControl: Info Source control is disabled
[2016.11.04-10.15.41:699][  0]LogEngine: Initializing Engine...
[2016.11.04-10.15.41:699][  0]LogHMD: Failed to initialize OpenVR with code 110
[2016.11.04-10.15.41:834][  0]LogAIModule: Creating AISystem for world Untitled
[2016.11.04-10.15.41:841][  0]LogInit: XAudio2 using 'Speakers (Realtek High Definition Audio)' : 2 channels at 48 kHz using 32 bits per sample (channel mask 0x3)
[2016.11.04-10.15.41:957][  0]LogInit: FAudioDevice initialized.
[2016.11.04-10.15.41:994][  0]LogDerivedDataCache: Saved boot cache 0.04s 62MB C:/Users/Andrew/AppData/Local/UnrealEngine/4.13/DerivedDataCache/Boot.ddc.
[2016.11.04-10.15.42:006][  0]LogInit: Texture streaming: Enabled
[2016.11.04-10.15.42:038][  0]LogInit: Transaction tracking system initialized
[2016.11.04-10.15.42:068][  0]BlueprintLog: New page: Editor Load
[2016.11.04-10.15.42:155][  0]LocalizationService: Info Localization service is disabled
[2016.11.04-10.15.42:242][  0]LogConsoleResponse:Display: 
[2016.11.04-10.15.42:346][  0]LogCook:Display: Max memory allowance for cook 16384mb min free memory 0mb
[2016.11.04-10.15.42:346][  0]LogCook:Display: Mobile HDR setting 1
[2016.11.04-10.15.42:440][  0]LogFileCache: Scanning file cache for directory 'D:/Users/Andrew/Google Drive/Programming Projects-Year2-Sem1/Studio Lab/CarCombat/Content/' took 0.02s
[2016.11.04-10.15.42:523][  0]SourceControl: Info Source control is disabled
[2016.11.04-10.15.42:523][  0]Cmd: MAP LOAD FILE="D:/Users/Andrew/Google Drive/Programming Projects-Year2-Sem1/Studio Lab/CarCombat/Content/VehicleAdvBP/Maps/Combat.umap" TEMPLATE=0 SHOWPROGRESS=1 FEATURELEVEL=3
[2016.11.04-10.15.42:741][  0]LightingResults: New page: Lighting Build
[2016.11.04-10.15.42:744][  0]MapCheck: New page: Map Check
[2016.11.04-10.15.42:744][  0]LightingResults: New page: Lighting Build
[2016.11.04-10.15.44:235][  0]LogAIModule: Creating AISystem for world Combat
[2016.11.04-10.15.44:250][  0]LogEditorServer: Finished looking for orphan Actors (0.000 secs)
[2016.11.04-10.15.44:250][  0]Cmd: MAP CHECKDEP NOCLEARLOG
[2016.11.04-10.15.44:291][  0]MapCheck: Info Map check complete: 0 Error(s), 0 Warning(s), took 40.732ms to complete.
[2016.11.04-10.15.44:291][  0]LogFileHelpers: Loading map 'Combat' took 1.768
[2016.11.04-10.15.44:452][  0]LogCollectionManager: Loaded 1 collections in 0.004749 seconds
[2016.11.04-10.15.44:512][  0]LogFileCache: Scanning file cache for directory 'D:/Users/Andrew/Google Drive/Programming Projects-Year2-Sem1/Studio Lab/CarCombat/Saved/Collections/' took 0.01s
[2016.11.04-10.15.44:512][  0]LogFileCache: Scanning file cache for directory 'D:/Users/Andrew/Google Drive/Programming Projects-Year2-Sem1/Studio Lab/CarCombat/Content/Developers/Andrew/Collections/' took 0.01s
[2016.11.04-10.15.44:513][  0]LogFileCache: Scanning file cache for directory 'D:/Users/Andrew/Google Drive/Programming Projects-Year2-Sem1/Studio Lab/CarCombat/Content/Collections/' took 0.01s
[2016.11.04-10.15.44:513][  0]LogCollectionManager: Rebuilt the GUID cache for 1 collections in 0.000005 seconds
[2016.11.04-10.15.44:513][  0]LogCollectionManager: Rebuilt the hierarchy cache for 1 collections in 0.000000 seconds
[2016.11.04-10.15.44:525][  0]LogContentBrowser: Native class hierarchy populated in 0.0095 seconds. Added 2141 classes and 415 folders.
[2016.11.04-10.15.44:532][  0]LogStats: UGameplayTagsManager::ConstructGameplayTagTree: Construct from data asset -  0.000 s
[2016.11.04-10.15.44:532][  0]LogStats: UGameplayTagsManager::ConstructGameplayTagTree: GameplayTagTreeChangedEvent.Broadcast -  0.000 s
[2016.11.04-10.15.44:533][  0]LogContentBrowser: Native class hierarchy updated for 'GameplayTags' in 0.0007 seconds. Added 12 classes and 0 folders.
[2016.11.04-10.15.44:540][  0]LogContentBrowser: Native class hierarchy updated for 'WidgetCarousel' in 0.0004 seconds. Added 0 classes and 0 folders.
[2016.11.04-10.15.44:842][  0]LogContentBrowser: Native class hierarchy updated for 'AddContentDialog' in 0.0005 seconds. Added 0 classes and 0 folders.
[2016.11.04-10.15.44:855][  0]LogContentBrowser: Native class hierarchy updated for 'SceneOutliner' in 0.0005 seconds. Added 1 classes and 2 folders.
[2016.11.04-10.15.44:968][  0]LogCrashTracker: Crashtracker disabled due to settings.
[2016.11.04-10.15.44:983][  0]LogUObjectGlobals:Warning: Failed to find object 'Class None.'
[2016.11.04-10.15.45:013][  0]LogContentBrowser: Native class hierarchy updated for 'HierarchicalLODOutliner' in 0.0005 seconds. Added 1 classes and 2 folders.
[2016.11.04-10.15.45:013][  0]LogLoad: (Engine Initialization) Total time: 10.08 seconds
[2016.11.04-10.15.45:013][  0]LogLoad: (Engine Initialization) Total Blueprint compile time: 0.21 seconds
[2016.11.04-10.15.45:013][  0]LogExternalProfiler: Found external profiler: VSPerf
[2016.11.04-10.15.45:013][  0]LogExternalProfiler: Using external profiler: VSPerf
[2016.11.04-10.15.45:032][  0]LogWindowsTextInputMethodSystem:Display: IME system now deactivated.
[2016.11.04-10.15.45:032][  0]LogOcInput: OculusInput pre-init called
[2016.11.04-10.15.45:054][  0]LogContentStreaming: Texture pool size now 1000 MB
[2016.11.04-10.15.45:301][  0]LogRenderer: Reallocating scene render targets to support 1160x564 (Frame:2).
[2016.11.04-10.15.45:361][  1]LogAssetRegistry: Asset discovery search completed in 5.3189 seconds
[2016.11.04-10.15.45:361][  1]LogCollectionManager: Rebuilt the object cache for 1 collections in 0.000006 seconds (found 0 objects)
[2016.11.04-10.15.45:361][  1]LogCollectionManager: Fixed up redirectors for 1 collections in 0.000021 seconds (updated 0 objects)
[2016.11.04-10.15.48:336][169]LogBlueprintUserMessages: Early PlayInEditor Detection: Level '/Game/VehicleAdvBP/Maps/Combat.Combat:PersistentLevel' has LevelScriptBlueprint '/Game/VehicleAdvBP/Maps/Combat.Combat:PersistentLevel.Combat' with GeneratedClass '/Game/VehicleAdvBP/Maps/Combat.Combat_C' with ClassGeneratedBy '/Game/VehicleAdvBP/Maps/Combat.Combat:PersistentLevel.Combat'
[2016.11.04-10.15.48:336][169]LogPlayLevel: PlayLevel: No blueprints needed recompiling
[2016.11.04-10.15.48:338][169]PIE: New page: PIE session: Combat (Nov 4, 2016, 1:15:48 AM)
[2016.11.04-10.15.48:338][169]LogPlayLevel: Creating play world package: /Game/VehicleAdvBP/Maps/UEDPIE_0_Combat
[2016.11.04-10.15.48:357][169]LogPlayLevel: PIE: StaticDuplicateObject took: (0.019613s)
[2016.11.04-10.15.48:358][169]LogAIModule: Creating AISystem for world Combat
[2016.11.04-10.15.48:358][169]LogPlayLevel: PIE: World Init took: (0.000784s)
[2016.11.04-10.15.48:358][169]LogPlayLevel: PIE: Created PIE world by copying editor world from /Game/VehicleAdvBP/Maps/Combat.Combat to /Game/VehicleAdvBP/Maps/UEDPIE_0_Combat.Combat (0.020687s)
[2016.11.04-10.15.48:387][169]LogInit: XAudio2 using 'Speakers (Realtek High Definition Audio)' : 2 channels at 48 kHz using 32 bits per sample (channel mask 0x3)
[2016.11.04-10.15.48:395][169]LogInit: FAudioDevice initialized.
[2016.11.04-10.15.48:450][169]LogWorld: Game class is 'VehicleAdvGameMode_C'
[2016.11.04-10.15.48:458][169]LogWorld: Bringing World /Game/VehicleAdvBP/Maps/UEDPIE_0_Combat.Combat up for play (max tick rate 60) at 2016.11.04-06.15.48
[2016.11.04-10.15.48:460][169]LogWorld: Bringing up level for play took: 0.005031
[2016.11.04-10.15.48:465][169]LogContentBrowser: Native class hierarchy updated for 'MovieSceneCapture' in 0.0005 seconds. Added 11 classes and 0 folders.
[2016.11.04-10.15.48:465][169]LogGameMode:Display: Match State Changed from EnteringMap to WaitingToStart
[2016.11.04-10.15.48:465][169]LogGameState: Match State Changed from EnteringMap to WaitingToStart
[2016.11.04-10.15.48:465][169]LogGameMode:Display: Match State Changed from WaitingToStart to InProgress
[2016.11.04-10.15.48:468][169]LogGameState: Match State Changed from WaitingToStart to InProgress
[2016.11.04-10.15.48:468][169]PIE: Info Play in editor start time for /Game/VehicleAdvBP/Maps/UEDPIE_0_Combat -0.315
[2016.11.04-10.15.48:468][169]LogBlueprintUserMessages: Late PlayInEditor Detection: Level '/Game/VehicleAdvBP/Maps/Combat.Combat:PersistentLevel' has LevelScriptBlueprint '/Game/VehicleAdvBP/Maps/Combat.Combat:PersistentLevel.Combat' with GeneratedClass '/Game/VehicleAdvBP/Maps/Combat.Combat_C' with ClassGeneratedBy '/Game/VehicleAdvBP/Maps/Combat.Combat:PersistentLevel.Combat'
[2016.11.04-10.16.07:134][ 30]LogBlueprintUserMessages: [VehicleBlueprint_C_0] Current health:70
[2016.11.04-10.17.06:106][283]LogBlueprintUserMessages: Early EndPlayMap Detection: Level '/Game/VehicleAdvBP/Maps/Combat.Combat:PersistentLevel' has LevelScriptBlueprint '/Game/VehicleAdvBP/Maps/Combat.Combat:PersistentLevel.Combat' with GeneratedClass '/Game/VehicleAdvBP/Maps/Combat.Combat_C' with ClassGeneratedBy '/Game/VehicleAdvBP/Maps/Combat.Combat:PersistentLevel.Combat'
[2016.11.04-10.17.06:218][283]LogBlueprintUserMessages: Late EndPlayMap Detection: Level '/Game/VehicleAdvBP/Maps/Combat.Combat:PersistentLevel' has LevelScriptBlueprint '/Game/VehicleAdvBP/Maps/Combat.Combat:PersistentLevel.Combat' with GeneratedClass '/Game/VehicleAdvBP/Maps/Combat.Combat_C' with ClassGeneratedBy '/Game/VehicleAdvBP/Maps/Combat.Combat:PersistentLevel.Combat'
[2016.11.04-10.17.14:352][696]LogContentBrowser: Native class hierarchy updated for 'BlueprintGraph' in 0.0010 seconds. Added 112 classes and 0 folders.
[2016.11.04-10.17.51:874][889]BlueprintLog: New page: Compile VehicleBlueprint
[2016.11.04-10.17.52:868][918]LogBlueprintUserMessages: Early PlayInEditor Detection: Level '/Game/VehicleAdvBP/Maps/Combat.Combat:PersistentLevel' has LevelScriptBlueprint '/Game/VehicleAdvBP/Maps/Combat.Combat:PersistentLevel.Combat' with GeneratedClass '/Game/VehicleAdvBP/Maps/Combat.Combat_C' with ClassGeneratedBy '/Game/VehicleAdvBP/Maps/Combat.Combat:PersistentLevel.Combat'
[2016.11.04-10.17.52:868][918]LogPlayLevel: PlayLevel: No blueprints needed recompiling
[2016.11.04-10.17.52:868][918]PIE: New page: PIE session: Combat (Nov 4, 2016, 1:17:52 AM)
[2016.11.04-10.17.52:868][918]LogPlayLevel: Creating play world package: /Game/VehicleAdvBP/Maps/UEDPIE_0_Combat
[2016.11.04-10.17.52:886][918]LogPlayLevel: PIE: StaticDuplicateObject took: (0.017988s)
[2016.11.04-10.17.52:887][918]LogAIModule: Creating AISystem for world Combat
[2016.11.04-10.17.52:887][918]LogPlayLevel: PIE: World Init took: (0.000757s)
[2016.11.04-10.17.52:887][918]LogPlayLevel: PIE: Created PIE world by copying editor world from /Game/VehicleAdvBP/Maps/Combat.Combat to /Game/VehicleAdvBP/Maps/UEDPIE_0_Combat.Combat (0.018954s)
[2016.11.04-10.17.52:903][918]LogInit: XAudio2 using 'Speakers (Realtek High Definition Audio)' : 2 channels at 48 kHz using 32 bits per sample (channel mask 0x3)
[2016.11.04-10.17.52:911][918]LogInit: FAudioDevice initialized.
[2016.11.04-10.17.52:972][918]LogWorld: Game class is 'VehicleAdvGameMode_C'
[2016.11.04-10.17.52:980][918]LogWorld: Bringing World /Game/VehicleAdvBP/Maps/UEDPIE_0_Combat.Combat up for play (max tick rate 60) at 2016.11.04-06.17.52
[2016.11.04-10.17.52:980][918]LogWorld: Bringing up level for play took: 0.005278
[2016.11.04-10.17.52:981][918]LogGameMode:Display: Match State Changed from EnteringMap to WaitingToStart
[2016.11.04-10.17.52:981][918]LogGameState: Match State Changed from EnteringMap to WaitingToStart
[2016.11.04-10.17.52:981][918]LogGameMode:Display: Match State Changed from WaitingToStart to InProgress
[2016.11.04-10.17.52:983][918]LogGameState: Match State Changed from WaitingToStart to InProgress
[2016.11.04-10.17.52:985][918]PIE: Info Play in editor start time for /Game/VehicleAdvBP/Maps/UEDPIE_0_Combat 0.202
[2016.11.04-10.17.52:985][918]LogBlueprintUserMessages: Late PlayInEditor Detection: Level '/Game/VehicleAdvBP/Maps/Combat.Combat:PersistentLevel' has LevelScriptBlueprint '/Game/VehicleAdvBP/Maps/Combat.Combat:PersistentLevel.Combat' with GeneratedClass '/Game/VehicleAdvBP/Maps/Combat.Combat_C' with ClassGeneratedBy '/Game/VehicleAdvBP/Maps/Combat.Combat:PersistentLevel.Combat'
[2016.11.04-10.17.53:002][918]LogRenderer: Reallocating scene render targets to support 1292x756 (Frame:3025).
[2016.11.04-10.18.19:912][  3]LogBlueprintUserMessages: Early EndPlayMap Detection: Level '/Game/VehicleAdvBP/Maps/Combat.Combat:PersistentLevel' has LevelScriptBlueprint '/Game/VehicleAdvBP/Maps/Combat.Combat:PersistentLevel.Combat' with GeneratedClass '/Game/VehicleAdvBP/Maps/Combat.Combat_C' with ClassGeneratedBy '/Game/VehicleAdvBP/Maps/Combat.Combat:PersistentLevel.Combat'
[2016.11.04-10.18.19:989][  3]LogBlueprintUserMessages: Late EndPlayMap Detection: Level '/Game/VehicleAdvBP/Maps/Combat.Combat:PersistentLevel' has LevelScriptBlueprint '/Game/VehicleAdvBP/Maps/Combat.Combat:PersistentLevel.Combat' with GeneratedClass '/Game/VehicleAdvBP/Maps/Combat.Combat_C' with ClassGeneratedBy '/Game/VehicleAdvBP/Maps/Combat.Combat:PersistentLevel.Combat'
[2016.11.04-10.18.26:935][413]BlueprintLog: New page: Compile VehicleBlueprint
[2016.11.04-10.18.28:366][466]LogBlueprintUserMessages: Early PlayInEditor Detection: Level '/Game/VehicleAdvBP/Maps/Combat.Combat:PersistentLevel' has LevelScriptBlueprint '/Game/VehicleAdvBP/Maps/Combat.Combat:PersistentLevel.Combat' with GeneratedClass '/Game/VehicleAdvBP/Maps/Combat.Combat_C' with ClassGeneratedBy '/Game/VehicleAdvBP/Maps/Combat.Combat:PersistentLevel.Combat'
[2016.11.04-10.18.28:366][466]LogPlayLevel: PlayLevel: No blueprints needed recompiling
[2016.11.04-10.18.28:366][466]PIE: New page: PIE session: Combat (Nov 4, 2016, 1:18:28 AM)
[2016.11.04-10.18.28:366][466]LogPlayLevel: Creating play world package: /Game/VehicleAdvBP/Maps/UEDPIE_0_Combat
[2016.11.04-10.18.28:383][466]LogPlayLevel: PIE: StaticDuplicateObject took: (0.016824s)
[2016.11.04-10.18.28:383][466]LogAIModule: Creating AISystem for world Combat
[2016.11.04-10.18.28:383][466]LogPlayLevel: PIE: World Init took: (0.000673s)
[2016.11.04-10.18.28:384][466]LogPlayLevel: PIE: Created PIE world by copying editor world from /Game/VehicleAdvBP/Maps/Combat.Combat to /Game/VehicleAdvBP/Maps/UEDPIE_0_Combat.Combat (0.017707s)
[2016.11.04-10.18.28:401][466]LogInit: XAudio2 using 'Speakers (Realtek High Definition Audio)' : 2 channels at 48 kHz using 32 bits per sample (channel mask 0x3)
[2016.11.04-10.18.28:408][466]LogInit: FAudioDevice initialized.
[2016.11.04-10.18.28:459][466]LogWorld: Game class is 'VehicleAdvGameMode_C'
[2016.11.04-10.18.28:467][466]LogWorld: Bringing World /Game/VehicleAdvBP/Maps/UEDPIE_0_Combat.Combat up for play (max tick rate 60) at 2016.11.04-06.18.28
[2016.11.04-10.18.28:468][466]LogWorld: Bringing up level for play took: 0.005538
[2016.11.04-10.18.28:469][466]LogGameMode:Display: Match State Changed from EnteringMap to WaitingToStart
[2016.11.04-10.18.28:469][466]LogGameState: Match State Changed from EnteringMap to WaitingToStart
[2016.11.04-10.18.28:469][466]LogGameMode:Display: Match State Changed from WaitingToStart to InProgress
[2016.11.04-10.18.28:470][466]LogGameState: Match State Changed from WaitingToStart to InProgress
[2016.11.04-10.18.28:472][466]PIE: Info Play in editor start time for /Game/VehicleAdvBP/Maps/UEDPIE_0_Combat -0.31
[2016.11.04-10.18.28:473][466]LogBlueprintUserMessages: Late PlayInEditor Detection: Level '/Game/VehicleAdvBP/Maps/Combat.Combat:PersistentLevel' has LevelScriptBlueprint '/Game/VehicleAdvBP/Maps/Combat.Combat:PersistentLevel.Combat' with GeneratedClass '/Game/VehicleAdvBP/Maps/Combat.Combat_C' with ClassGeneratedBy '/Game/VehicleAdvBP/Maps/Combat.Combat:PersistentLevel.Combat'
[2016.11.04-10.18.33:097][741]LogBlueprintUserMessages: [VehicleBlueprint_C_0] Current health:95
[2016.11.04-10.18.56:971][595]LogBlueprintUserMessages: Early EndPlayMap Detection: Level '/Game/VehicleAdvBP/Maps/Combat.Combat:PersistentLevel' has LevelScriptBlueprint '/Game/VehicleAdvBP/Maps/Combat.Combat:PersistentLevel.Combat' with GeneratedClass '/Game/VehicleAdvBP/Maps/Combat.Combat_C' with ClassGeneratedBy '/Game/VehicleAdvBP/Maps/Combat.Combat:PersistentLevel.Combat'
[2016.11.04-10.18.57:047][595]LogBlueprintUserMessages: Late EndPlayMap Detection: Level '/Game/VehicleAdvBP/Maps/Combat.Combat:PersistentLevel' has LevelScriptBlueprint '/Game/VehicleAdvBP/Maps/Combat.Combat:PersistentLevel.Combat' with GeneratedClass '/Game/VehicleAdvBP/Maps/Combat.Combat_C' with ClassGeneratedBy '/Game/VehicleAdvBP/Maps/Combat.Combat:PersistentLevel.Combat'
[2016.11.04-10.19.05:980][126]BlueprintLog: New page: Compile VehicleBlueprint
[2016.11.04-10.19.07:061][154]LogBlueprintUserMessages: Early PlayInEditor Detection: Level '/Game/VehicleAdvBP/Maps/Combat.Combat:PersistentLevel' has LevelScriptBlueprint '/Game/VehicleAdvBP/Maps/Combat.Combat:PersistentLevel.Combat' with GeneratedClass '/Game/VehicleAdvBP/Maps/Combat.Combat_C' with ClassGeneratedBy '/Game/VehicleAdvBP/Maps/Combat.Combat:PersistentLevel.Combat'
[2016.11.04-10.19.07:061][154]LogPlayLevel: PlayLevel: No blueprints needed recompiling
[2016.11.04-10.19.07:062][154]PIE: New page: PIE session: Combat (Nov 4, 2016, 1:19:07 AM)
[2016.11.04-10.19.07:062][154]LogPlayLevel: Creating play world package: /Game/VehicleAdvBP/Maps/UEDPIE_0_Combat
[2016.11.04-10.19.07:079][154]LogPlayLevel: PIE: StaticDuplicateObject took: (0.016944s)
[2016.11.04-10.19.07:079][154]LogAIModule: Creating AISystem for world Combat
[2016.11.04-10.19.07:079][154]LogPlayLevel: PIE: World Init took: (0.000705s)
[2016.11.04-10.19.07:079][154]LogPlayLevel: PIE: Created PIE world by copying editor world from /Game/VehicleAdvBP/Maps/Combat.Combat to /Game/VehicleAdvBP/Maps/UEDPIE_0_Combat.Combat (0.017852s)
[2016.11.04-10.19.07:097][154]LogInit: XAudio2 using 'Speakers (Realtek High Definition Audio)' : 2 channels at 48 kHz using 32 bits per sample (channel mask 0x3)
[2016.11.04-10.19.07:104][154]LogInit: FAudioDevice initialized.
[2016.11.04-10.19.07:156][154]LogWorld: Game class is 'VehicleAdvGameMode_C'
[2016.11.04-10.19.07:162][154]LogWorld: Bringing World /Game/VehicleAdvBP/Maps/UEDPIE_0_Combat.Combat up for play (max tick rate 60) at 2016.11.04-06.19.07
[2016.11.04-10.19.07:162][154]LogWorld: Bringing up level for play took: 0.003945
[2016.11.04-10.19.07:163][154]LogGameMode:Display: Match State Changed from EnteringMap to WaitingToStart
[2016.11.04-10.19.07:163][154]LogGameState: Match State Changed from EnteringMap to WaitingToStart
[2016.11.04-10.19.07:163][154]LogGameMode:Display: Match State Changed from WaitingToStart to InProgress
[2016.11.04-10.19.07:165][154]LogGameState: Match State Changed from WaitingToStart to InProgress
[2016.11.04-10.19.07:166][154]PIE: Info Play in editor start time for /Game/VehicleAdvBP/Maps/UEDPIE_0_Combat 0.383
[2016.11.04-10.19.07:167][154]LogBlueprintUserMessages: Late PlayInEditor Detection: Level '/Game/VehicleAdvBP/Maps/Combat.Combat:PersistentLevel' has LevelScriptBlueprint '/Game/VehicleAdvBP/Maps/Combat.Combat:PersistentLevel.Combat' with GeneratedClass '/Game/VehicleAdvBP/Maps/Combat.Combat_C' with ClassGeneratedBy '/Game/VehicleAdvBP/Maps/Combat.Combat:PersistentLevel.Combat'
[2016.11.04-10.19.11:451][409]LogBlueprintUserMessages: [VehicleBlueprint_C_0] Current health:95
[2016.11.04-10.19.32:501][211]LogBlueprintUserMessages: Early EndPlayMap Detection: Level '/Game/VehicleAdvBP/Maps/Combat.Combat:PersistentLevel' has LevelScriptBlueprint '/Game/VehicleAdvBP/Maps/Combat.Combat:PersistentLevel.Combat' with GeneratedClass '/Game/VehicleAdvBP/Maps/Combat.Combat_C' with ClassGeneratedBy '/Game/VehicleAdvBP/Maps/Combat.Combat:PersistentLevel.Combat'
[2016.11.04-10.19.32:572][211]LogBlueprintUserMessages: Late EndPlayMap Detection: Level '/Game/VehicleAdvBP/Maps/Combat.Combat:PersistentLevel' has LevelScriptBlueprint '/Game/VehicleAdvBP/Maps/Combat.Combat:PersistentLevel.Combat' with GeneratedClass '/Game/VehicleAdvBP/Maps/Combat.Combat_C' with ClassGeneratedBy '/Game/VehicleAdvBP/Maps/Combat.Combat:PersistentLevel.Combat'
[2016.11.04-10.19.39:468][620]BlueprintLog: New page: Compile VehicleBlueprint
[2016.11.04-10.19.40:495][640]LogBlueprintUserMessages: Early PlayInEditor Detection: Level '/Game/VehicleAdvBP/Maps/Combat.Combat:PersistentLevel' has LevelScriptBlueprint '/Game/VehicleAdvBP/Maps/Combat.Combat:PersistentLevel.Combat' with GeneratedClass '/Game/VehicleAdvBP/Maps/Combat.Combat_C' with ClassGeneratedBy '/Game/VehicleAdvBP/Maps/Combat.Combat:PersistentLevel.Combat'
[2016.11.04-10.19.40:495][640]LogPlayLevel: PlayLevel: No blueprints needed recompiling
[2016.11.04-10.19.40:495][640]PIE: New page: PIE session: Combat (Nov 4, 2016, 1:19:40 AM)
[2016.11.04-10.19.40:495][640]LogPlayLevel: Creating play world package: /Game/VehicleAdvBP/Maps/UEDPIE_0_Combat
[2016.11.04-10.19.40:512][640]LogPlayLevel: PIE: StaticDuplicateObject took: (0.017153s)
[2016.11.04-10.19.40:513][640]LogAIModule: Creating AISystem for world Combat
[2016.11.04-10.19.40:513][640]LogPlayLevel: PIE: World Init took: (0.000700s)
[2016.11.04-10.19.40:513][640]LogPlayLevel: PIE: Created PIE world by copying editor world from /Game/VehicleAdvBP/Maps/Combat.Combat to /Game/VehicleAdvBP/Maps/UEDPIE_0_Combat.Combat (0.018084s)
[2016.11.04-10.19.40:531][640]LogInit: XAudio2 using 'Speakers (Realtek High Definition Audio)' : 2 channels at 48 kHz using 32 bits per sample (channel mask 0x3)
[2016.11.04-10.19.40:538][640]LogInit: FAudioDevice initialized.
[2016.11.04-10.19.40:591][640]LogWorld: Game class is 'VehicleAdvGameMode_C'
[2016.11.04-10.19.40:598][640]LogWorld: Bringing World /Game/VehicleAdvBP/Maps/UEDPIE_0_Combat.Combat up for play (max tick rate 60) at 2016.11.04-06.19.40
[2016.11.04-10.19.40:598][640]LogWorld: Bringing up level for play took: 0.004028
[2016.11.04-10.19.40:599][640]LogGameMode:Display: Match State Changed from EnteringMap to WaitingToStart
[2016.11.04-10.19.40:599][640]LogGameState: Match State Changed from EnteringMap to WaitingToStart
[2016.11.04-10.19.40:599][640]LogGameMode:Display: Match State Changed from WaitingToStart to InProgress
[2016.11.04-10.19.40:602][640]LogGameState: Match State Changed from WaitingToStart to InProgress
[2016.11.04-10.19.40:606][640]PIE: Info Play in editor start time for /Game/VehicleAdvBP/Maps/UEDPIE_0_Combat -0.177
[2016.11.04-10.19.40:606][640]LogBlueprintUserMessages: Late PlayInEditor Detection: Level '/Game/VehicleAdvBP/Maps/Combat.Combat:PersistentLevel' has LevelScriptBlueprint '/Game/VehicleAdvBP/Maps/Combat.Combat:PersistentLevel.Combat' with GeneratedClass '/Game/VehicleAdvBP/Maps/Combat.Combat_C' with ClassGeneratedBy '/Game/VehicleAdvBP/Maps/Combat.Combat:PersistentLevel.Combat'
[2016.11.04-10.20.07:800][738]LogBlueprintUserMessages: [VehicleBlueprint_C_0] Current health:95
[2016.11.04-10.20.08:959][768]LogBlueprintUserMessages: [VehicleBlueprint_C_0] Current health:90
[2016.11.04-10.20.09:920][792]LogBlueprintUserMessages: [VehicleBlueprint_C_0] Current health:85
[2016.11.04-10.20.24:273][129]LogBlueprintUserMessages: Early EndPlayMap Detection: Level '/Game/VehicleAdvBP/Maps/Combat.Combat:PersistentLevel' has LevelScriptBlueprint '/Game/VehicleAdvBP/Maps/Combat.Combat:PersistentLevel.Combat' with GeneratedClass '/Game/VehicleAdvBP/Maps/Combat.Combat_C' with ClassGeneratedBy '/Game/VehicleAdvBP/Maps/Combat.Combat:PersistentLevel.Combat'
[2016.11.04-10.20.24:358][129]LogBlueprintUserMessages: Late EndPlayMap Detection: Level '/Game/VehicleAdvBP/Maps/Combat.Combat:PersistentLevel' has LevelScriptBlueprint '/Game/VehicleAdvBP/Maps/Combat.Combat:PersistentLevel.Combat' with GeneratedClass '/Game/VehicleAdvBP/Maps/Combat.Combat_C' with ClassGeneratedBy '/Game/VehicleAdvBP/Maps/Combat.Combat:PersistentLevel.Combat'
[2016.11.04-10.20.33:721][684]BlueprintLog: New page: Compile VehicleBlueprint
[2016.11.04-10.20.34:893][708]LogBlueprintUserMessages: Early PlayInEditor Detection: Level '/Game/VehicleAdvBP/Maps/Combat.Combat:PersistentLevel' has LevelScriptBlueprint '/Game/VehicleAdvBP/Maps/Combat.Combat:PersistentLevel.Combat' with GeneratedClass '/Game/VehicleAdvBP/Maps/Combat.Combat_C' with ClassGeneratedBy '/Game/VehicleAdvBP/Maps/Combat.Combat:PersistentLevel.Combat'
[2016.11.04-10.20.34:893][708]LogPlayLevel: PlayLevel: No blueprints needed recompiling
[2016.11.04-10.20.34:894][708]PIE: New page: PIE session: Combat (Nov 4, 2016, 1:20:34 AM)
[2016.11.04-10.20.34:894][708]LogPlayLevel: Creating play world package: /Game/VehicleAdvBP/Maps/UEDPIE_0_Combat
[2016.11.04-10.20.34:912][708]LogPlayLevel: PIE: StaticDuplicateObject took: (0.017922s)
[2016.11.04-10.20.34:912][708]LogAIModule: Creating AISystem for world Combat
[2016.11.04-10.20.34:912][708]LogPlayLevel: PIE: World Init took: (0.000671s)
[2016.11.04-10.20.34:913][708]LogPlayLevel: PIE: Created PIE world by copying editor world from /Game/VehicleAdvBP/Maps/Combat.Combat to /Game/VehicleAdvBP/Maps/UEDPIE_0_Combat.Combat (0.018884s)
[2016.11.04-10.20.34:928][708]LogInit: XAudio2 using 'Speakers (Realtek High Definition Audio)' : 2 channels at 48 kHz using 32 bits per sample (channel mask 0x3)
[2016.11.04-10.20.34:936][708]LogInit: FAudioDevice initialized.
[2016.11.04-10.20.34:985][708]LogWorld: Game class is 'VehicleAdvGameMode_C'
[2016.11.04-10.20.34:993][708]LogWorld: Bringing World /Game/VehicleAdvBP/Maps/UEDPIE_0_Combat.Combat up for play (max tick rate 60) at 2016.11.04-06.20.34
[2016.11.04-10.20.34:993][708]LogWorld: Bringing up level for play took: 0.005264
[2016.11.04-10.20.34:994][708]LogGameMode:Display: Match State Changed from EnteringMap to WaitingToStart
[2016.11.04-10.20.34:994][708]LogGameState: Match State Changed from EnteringMap to WaitingToStart
[2016.11.04-10.20.34:994][708]LogGameMode:Display: Match State Changed from WaitingToStart to InProgress
[2016.11.04-10.20.34:996][708]LogGameState: Match State Changed from WaitingToStart to InProgress
[2016.11.04-10.20.34:997][708]PIE: Info Play in editor start time for /Game/VehicleAdvBP/Maps/UEDPIE_0_Combat 0.214
[2016.11.04-10.20.34:998][708]LogBlueprintUserMessages: Late PlayInEditor Detection: Level '/Game/VehicleAdvBP/Maps/Combat.Combat:PersistentLevel' has LevelScriptBlueprint '/Game/VehicleAdvBP/Maps/Combat.Combat:PersistentLevel.Combat' with GeneratedClass '/Game/VehicleAdvBP/Maps/Combat.Combat_C' with ClassGeneratedBy '/Game/VehicleAdvBP/Maps/Combat.Combat:PersistentLevel.Combat'
[2016.11.04-10.21.02:478][823]LogBlueprintUserMessages: [VehicleBlueprint_C_0] Current health:95
[2016.11.04-10.21.02:479][823]LogBlueprintUserMessages: [VehicleBlueprint_C_0] Current health:90
[2016.11.04-10.21.09:861][  8]LogBlueprintUserMessages: Early EndPlayMap Detection: Level '/Game/VehicleAdvBP/Maps/Combat.Combat:PersistentLevel' has LevelScriptBlueprint '/Game/VehicleAdvBP/Maps/Combat.Combat:PersistentLevel.Combat' with GeneratedClass '/Game/VehicleAdvBP/Maps/Combat.Combat_C' with ClassGeneratedBy '/Game/VehicleAdvBP/Maps/Combat.Combat:PersistentLevel.Combat'
[2016.11.04-10.21.09:939][  8]LogBlueprintUserMessages: Late EndPlayMap Detection: Level '/Game/VehicleAdvBP/Maps/Combat.Combat:PersistentLevel' has LevelScriptBlueprint '/Game/VehicleAdvBP/Maps/Combat.Combat:PersistentLevel.Combat' with GeneratedClass '/Game/VehicleAdvBP/Maps/Combat.Combat_C' with ClassGeneratedBy '/Game/VehicleAdvBP/Maps/Combat.Combat:PersistentLevel.Combat'
[2016.11.04-10.21.12:097][123]LogSavePackage: Save=140.08ms
[2016.11.04-10.21.12:097][123]LogSavePackage: Moving 'D:/Users/Andrew/Google Drive/Programming Projects-Year2-Sem1/Studio Lab/CarCombat/Saved/VehicleBlueprint8BA2B7EC4D1B57FAC9CFCCB5BF749B37.tmp' to 'D:/Users/Andrew/Google Drive/Programming Projects-Year2-Sem1/Studio Lab/CarCombat/Content/VehicleAdvBP/Blueprints/VehicleBlueprint.uasset'
[2016.11.04-10.21.12:099][123]LogSavePackage:Display: Finished SavePackage D:/Users/Andrew/Google Drive/Programming Projects-Year2-Sem1/Studio Lab/CarCombat/Content/VehicleAdvBP/Blueprints/VehicleBlueprint.uasset
[2016.11.04-10.21.14:725][271]LogWindowsTextInputMethodSystem:Display: IME system now deactivated.
[2016.11.04-10.21.14:955][272]Cmd: QUIT_EDITOR
[2016.11.04-10.21.15:213][272]LogExit: Preparing to exit.
[2016.11.04-10.21.16:341][272]LogExit: Editor shut down
[2016.11.04-10.21.16:342][272]LogExit: Transaction tracking system shut down
[2016.11.04-10.21.16:491][272]LogObj: Freed 0b from 0 cluster array pools.
[2016.11.04-10.21.16:491][272]LogExit: Object subsystem successfully closed.
[2016.11.04-10.21.16:501][272]LogD3D11RHI: Shutdown
[2016.11.04-10.21.16:501][272]LogD3D11RHI: CleanupD3DDevice
[2016.11.04-10.21.16:583][272]LogD3D11RHI: ~FD3D11DynamicRHI
[2016.11.04-10.21.16:602][272]LogModuleManager: Shutting down and abandoning module BlueprintGraph (236)
[2016.11.04-10.21.16:602][272]LogModuleManager: Shutting down and abandoning module BlueprintProfiler (235)
[2016.11.04-10.21.16:603][272]LogModuleManager: Shutting down and abandoning module MovieSceneCapture (234)
[2016.11.04-10.21.16:603][272]LogModuleManager: Shutting down and abandoning module HierarchicalLODOutliner (233)
[2016.11.04-10.21.16:603][272]LogModuleManager: Shutting down and abandoning module CrashTracker (232)
[2016.11.04-10.21.16:603][272]LogModuleManager: Shutting down and abandoning module SceneOutliner (231)
[2016.11.04-10.21.16:603][272]LogModuleManager: Shutting down and abandoning module WidgetCarousel (230)
[2016.11.04-10.21.16:603][272]LogModuleManager: Shutting down and abandoning module AddContentDialog (229)
[2016.11.04-10.21.16:604][272]LogDirectoryWatcher: A directory notification for 'C:/Program Files (x86)/Epic Games/4.13/FeaturePacks/' was aborted.
[2016.11.04-10.21.16:607][272]LogModuleManager: Shutting down and abandoning module GameplayTags (228)
[2016.11.04-10.21.16:607][272]LogModuleManager: Shutting down and abandoning module EditorWidgets (227)
[2016.11.04-10.21.16:607][272]LogModuleManager: Shutting down and abandoning module CollectionManager (226)
[2016.11.04-10.21.16:607][272]LogDirectoryWatcher: A directory notification for 'D:/Users/Andrew/Google Drive/Programming Projects-Year2-Sem1/Studio Lab/CarCombat/Content/Collections/' was aborted.
[2016.11.04-10.21.16:607][272]LogDirectoryWatcher: A directory notification for 'D:/Users/Andrew/Google Drive/Programming Projects-Year2-Sem1/Studio Lab/CarCombat/Content/Developers/Andrew/Collections/' was aborted.
[2016.11.04-10.21.16:608][272]LogDirectoryWatcher: A directory notification for 'D:/Users/Andrew/Google Drive/Programming Projects-Year2-Sem1/Studio Lab/CarCombat/Saved/Collections/' was aborted.
[2016.11.04-10.21.16:608][272]LogModuleManager: Shutting down and abandoning module StatsViewer (225)
[2016.11.04-10.21.16:608][272]LogModuleManager: Shutting down and abandoning module FoliageEdit (224)
[2016.11.04-10.21.16:608][272]LogModuleManager: Shutting down and abandoning module LandscapeEditor (223)
[2016.11.04-10.21.16:608][272]LogModuleManager: Shutting down and abandoning module SceneDepthPickerMode (222)
[2016.11.04-10.21.16:608][272]LogModuleManager: Shutting down and abandoning module ActorPickerMode (221)
[2016.11.04-10.21.16:608][272]LogModuleManager: Shutting down and abandoning module GeometryMode (220)
[2016.11.04-10.21.16:608][272]LogModuleManager: Shutting down and abandoning module TextureAlignMode (219)
[2016.11.04-10.21.16:608][272]LogModuleManager: Shutting down and abandoning module BspMode (218)
[2016.11.04-10.21.16:608][272]LogModuleManager: Shutting down and abandoning module HardwareSurvey (217)
[2016.11.04-10.21.16:608][272]LogModuleManager: Shutting down and abandoning module SequenceRecorderSections (216)
[2016.11.04-10.21.16:608][272]LogModuleManager: Shutting down and abandoning module SequenceRecorder (215)
[2016.11.04-10.21.16:608][272]LogModuleManager: Shutting down and abandoning module AutomationWorker (214)
[2016.11.04-10.21.16:608][272]LogModuleManager: Shutting down and abandoning module MatineeToLevelSequence (213)
[2016.11.04-10.21.16:608][272]LogModuleManager: Shutting down and abandoning module PlacementMode (212)
[2016.11.04-10.21.16:608][272]LogModuleManager: Shutting down and abandoning module LevelSequenceEditor (211)
[2016.11.04-10.21.16:608][272]LogModuleManager: Shutting down and abandoning module WmfMediaFactory (210)
[2016.11.04-10.21.16:608][272]LogModuleManager: Shutting down and abandoning module WmfMediaEditor (209)
[2016.11.04-10.21.16:608][272]LogModuleManager: Shutting down and abandoning module AvfMediaFactory (208)
[2016.11.04-10.21.16:608][272]LogModuleManager: Shutting down and abandoning module AvfMediaEditor (207)
[2016.11.04-10.21.16:608][272]LogModuleManager: Shutting down and abandoning module Media (206)
[2016.11.04-10.21.16:608][272]LogModuleManager: Shutting down and abandoning module AndroidMediaFactory (205)
[2016.11.04-10.21.16:608][272]LogModuleManager: Shutting down and abandoning module AndroidMediaEditor (204)
[2016.11.04-10.21.16:608][272]LogModuleManager: Shutting down and abandoning module CharacterAI (203)
[2016.11.04-10.21.16:608][272]LogModuleManager: Shutting down and abandoning module SmartSnapping (202)
[2016.11.04-10.21.16:608][272]LogModuleManager: Shutting down and abandoning module SessionServices (201)
[2016.11.04-10.21.16:608][272]LogModuleManager: Shutting down and abandoning module ViewportSnapping (200)
[2016.11.04-10.21.16:608][272]LogModuleManager: Shutting down and abandoning module ViewportInteraction (199)
[2016.11.04-10.21.16:608][272]LogModuleManager: Shutting down and abandoning module LogVisualizer (198)
[2016.11.04-10.21.16:608][272]LogModuleManager: Shutting down and abandoning module GameProjectGeneration (197)
[2016.11.04-10.21.16:608][272]LogModuleManager: Shutting down and abandoning module IntroTutorials (196)
[2016.11.04-10.21.16:608][272]LogModuleManager: Shutting down and abandoning module EditorLiveStreaming (195)
[2016.11.04-10.21.16:608][272]LogModuleManager: Shutting down and abandoning module IOSPlatformEditor (194)
[2016.11.04-10.21.16:608][272]LogModuleManager: Shutting down and abandoning module HTML5PlatformEditor (193)
[2016.11.04-10.21.16:609][272]LogModuleManager: Shutting down and abandoning module AndroidDeviceDetection (192)
[2016.11.04-10.21.17:315][272]LogModuleManager: Shutting down and abandoning module AndroidPlatformEditor (191)
[2016.11.04-10.21.17:315][272]LogModuleManager: Shutting down and abandoning module IOSRuntimeSettings (190)
[2016.11.04-10.21.17:315][272]LogModuleManager: Shutting down and abandoning module AndroidRuntimeSettings (189)
[2016.11.04-10.21.17:315][272]LogModuleManager: Shutting down and abandoning module NiagaraEditor (188)
[2016.11.04-10.21.17:315][272]LogModuleManager: Shutting down and abandoning module MergeActors (187)
[2016.11.04-10.21.17:315][272]LogModuleManager: Shutting down and abandoning module SizeMap (186)
[2016.11.04-10.21.17:315][272]LogModuleManager: Shutting down and abandoning module TreeMap (185)
[2016.11.04-10.21.17:315][272]LogModuleManager: Shutting down and abandoning module ReferenceViewer (184)
[2016.11.04-10.21.17:315][272]LogModuleManager: Shutting down and abandoning module LocalizationService (183)
[2016.11.04-10.21.17:315][272]LogModuleManager: Shutting down and abandoning module LocalizationDashboard (182)
[2016.11.04-10.21.17:315][272]LogModuleManager: Shutting down and abandoning module HardwareTargeting (181)
[2016.11.04-10.21.17:315][272]LogModuleManager: Shutting down and abandoning module DeviceProfileEditor (180)
[2016.11.04-10.21.17:315][272]LogModuleManager: Shutting down and abandoning module UndoHistory (179)
[2016.11.04-10.21.17:315][272]LogModuleManager: Shutting down and abandoning module UserFeedback (178)
[2016.11.04-10.21.17:315][272]LogModuleManager: Shutting down and abandoning module XmlParser (177)
[2016.11.04-10.21.17:315][272]LogModuleManager: Shutting down and abandoning module Blutility (176)
[2016.11.04-10.21.17:315][272]LogModuleManager: Shutting down and abandoning module ProjectTargetPlatformEditor (175)
[2016.11.04-10.21.17:316][272]LogModuleManager: Shutting down and abandoning module ProjectSettingsViewer (174)
[2016.11.04-10.21.17:316][272]LogModuleManager: Shutting down and abandoning module InputBindingEditor (173)
[2016.11.04-10.21.17:316][272]LogModuleManager: Shutting down and abandoning module EditorSettingsViewer (172)
[2016.11.04-10.21.17:316][272]LogModuleManager: Shutting down and abandoning module SettingsEditor (171)
[2016.11.04-10.21.17:316][272]LogModuleManager: Shutting down and abandoning module ProjectLauncher (170)
[2016.11.04-10.21.17:316][272]LogModuleManager: Shutting down and abandoning module SessionFrontend (169)
[2016.11.04-10.21.17:316][272]LogModuleManager: Shutting down and abandoning module ProfilerClient (168)
[2016.11.04-10.21.17:316][272]LogModuleManager: Shutting down and abandoning module TargetDeviceServices (167)
[2016.11.04-10.21.17:316][272]LogModuleManager: Shutting down and abandoning module DeviceManager (166)
[2016.11.04-10.21.17:370][272]LogModuleManager: Shutting down and abandoning module AutomationController (165)
[2016.11.04-10.21.17:370][272]LogModuleManager: Shutting down and abandoning module AutomationWindow (164)
[2016.11.04-10.21.17:370][272]LogModuleManager: Shutting down and abandoning module Layers (163)
[2016.11.04-10.21.17:370][272]LogModuleManager: Shutting down and abandoning module ComponentVisualizers (162)
[2016.11.04-10.21.17:370][272]LogModuleManager: Shutting down and abandoning module DetailCustomizations (161)
[2016.11.04-10.21.17:370][272]LogModuleManager: Shutting down and abandoning module PackagesDialog (160)
[2016.11.04-10.21.17:370][272]LogModuleManager: Shutting down and abandoning module AnimGraph (159)
[2016.11.04-10.21.17:370][272]LogModuleManager: Shutting down and abandoning module Persona (158)
[2016.11.04-10.21.17:370][272]LogModuleManager: Shutting down and abandoning module Kismet (157)
[2016.11.04-10.21.17:375][272]LogModuleManager: Shutting down and abandoning module GraphEditor (156)
[2016.11.04-10.21.17:376][272]LogModuleManager: Shutting down and abandoning module ClassViewer (155)
[2016.11.04-10.21.17:376][272]LogModuleManager: Shutting down and abandoning module Toolbox (154)
[2016.11.04-10.21.17:376][272]LogModuleManager: Shutting down and abandoning module ModuleUI (153)
[2016.11.04-10.21.17:376][272]LogModuleManager: Shutting down and abandoning module MovieSceneTools (152)
[2016.11.04-10.21.17:376][272]LogModuleManager: Shutting down and abandoning module OutputLog (151)
[2016.11.04-10.21.17:376][272]LogModuleManager: Shutting down and abandoning module GammaUI (150)
[2016.11.04-10.21.17:376][272]LogModuleManager: Shutting down and abandoning module Documentation (149)
[2016.11.04-10.21.17:376][272]LogModuleManager: Shutting down and abandoning module Niagara (148)
[2016.11.04-10.21.17:376][272]LogModuleManager: Shutting down and abandoning module StreamingPauseRendering (147)
[2016.11.04-10.21.17:376][272]LogModuleManager: Shutting down and abandoning module AnalyticsET (146)
[2016.11.04-10.21.17:376][272]LogModuleManager: Shutting down and abandoning module PortalServices (145)
[2016.11.04-10.21.17:376][272]LogModuleManager: Shutting down and abandoning module PortalRpc (144)
[2016.11.04-10.21.17:376][272]LogModuleManager: Shutting down and abandoning module MessagingRpc (143)
[2016.11.04-10.21.17:376][272]LogModuleManager: Shutting down and abandoning module GameplayDebugger (142)
[2016.11.04-10.21.17:376][272]LogModuleManager: Shutting down and abandoning module AITestSuite (141)
[2016.11.04-10.21.17:376][272]LogModuleManager: Shutting down and abandoning module AIModule (140)
[2016.11.04-10.21.17:376][272]LogModuleManager: Shutting down and abandoning module ProfilerService (139)
[2016.11.04-10.21.17:541][272]LogModuleManager: Shutting down and abandoning module TaskGraph (138)
[2016.11.04-10.21.17:541][272]LogModuleManager: Shutting down and abandoning module SlateRemote (137)
[2016.11.04-10.21.17:541][272]LogModuleManager: Shutting down and abandoning module SteamVRController (136)
[2016.11.04-10.21.17:541][272]LogModuleManager: Shutting down and abandoning module SteamVR (135)
[2016.11.04-10.21.17:541][272]LogModuleManager: Shutting down and abandoning module ProceduralMeshComponentEditor (134)
[2016.11.04-10.21.17:541][272]LogModuleManager: Shutting down and abandoning module ProceduralMeshComponent (133)
[2016.11.04-10.21.17:541][272]LogModuleManager: Shutting down and abandoning module OculusLibrary (132)
[2016.11.04-10.21.17:541][272]LogModuleManager: Shutting down and abandoning module OculusInput (131)
[2016.11.04-10.21.17:541][272]LogModuleManager: Shutting down and abandoning module CustomMeshComponent (130)
[2016.11.04-10.21.17:541][272]LogModuleManager: Shutting down and abandoning module CableComponent (129)
[2016.11.04-10.21.17:541][272]LogModuleManager: Shutting down and abandoning module ArchVisCharacter (128)
[2016.11.04-10.21.17:541][272]LogModuleManager: Shutting down and abandoning module MediaPlayerEditor (126)
[2016.11.04-10.21.17:541][272]LogModuleManager: Shutting down and abandoning module HTML5Networking (125)
[2016.11.04-10.21.17:541][272]LogModuleManager: Shutting down and abandoning module GeometryCacheEd (124)
[2016.11.04-10.21.17:541][272]LogModuleManager: Shutting down and abandoning module GeometryCache (123)
[2016.11.04-10.21.17:541][272]LogModuleManager: Shutting down and abandoning module AlembicLibrary (122)
[2016.11.04-10.21.17:541][272]LogModuleManager: Shutting down and abandoning module AlembicImporter (121)
[2016.11.04-10.21.17:541][272]LogModuleManager: Shutting down and abandoning module SuperSearch (120)
[2016.11.04-10.21.17:541][272]LogModuleManager: Shutting down and abandoning module SuperSearchEditor (119)
[2016.11.04-10.21.17:541][272]LogModuleManager: Shutting down and abandoning module SpeedTreeImporter (118)
[2016.11.04-10.21.17:541][272]LogModuleManager: Shutting down and abandoning module PluginBrowser (117)
[2016.11.04-10.21.17:541][272]LogModuleManager: Shutting down and abandoning module MobileLauncherProfileWizard (116)
[2016.11.04-10.21.17:541][272]LogModuleManager: Shutting down and abandoning module EpicSurvey (115)
[2016.11.04-10.21.17:541][272]LogModuleManager: Shutting down and abandoning module DesktopPlatform (114)
[2016.11.04-10.21.17:541][272]LogModuleManager: Shutting down and abandoning module VisualStudioSourceCodeAccess (113)
[2016.11.04-10.21.17:541][272]LogModuleManager: Shutting down and abandoning module UObjectPlugin (112)
[2016.11.04-10.21.17:541][272]LogModuleManager: Shutting down and abandoning module SubversionSourceControl (111)
[2016.11.04-10.21.17:541][272]LogModuleManager: Shutting down and abandoning module PerforceSourceControl (110)
[2016.11.04-10.21.17:541][272]LogModuleManager: Shutting down and abandoning module SourceControl (109)
[2016.11.04-10.21.17:541][272]LogModuleManager: Shutting down and abandoning module GitSourceControl (108)
[2016.11.04-10.21.17:541][272]LogModuleManager: Shutting down and abandoning module LightPropagationVolumeEditor (107)
[2016.11.04-10.21.17:541][272]LogModuleManager: Shutting down and abandoning module PaperTiledImporter (106)
[2016.11.04-10.21.17:541][272]LogModuleManager: Shutting down and abandoning module PaperSpriteSheetImporter (105)
[2016.11.04-10.21.17:541][272]LogModuleManager: Shutting down and abandoning module MeshPaint (104)
[2016.11.04-10.21.17:541][272]LogModuleManager: Shutting down and abandoning module FbxAutomationBuilderModule (103)
[2016.11.04-10.21.17:541][272]LogModuleManager: Shutting down and abandoning module PixelInspectorModule (102)
[2016.11.04-10.21.17:541][272]LogModuleManager: Shutting down and abandoning module HotReload (101)
[2016.11.04-10.21.17:542][272]LogModuleManager: Shutting down and abandoning module MainFrame (100)
[2016.11.04-10.21.17:542][272]LogModuleManager: Shutting down and abandoning module LevelEditor (99)
[2016.11.04-10.21.17:542][272]LogModuleManager: Shutting down and abandoning module ContentBrowser (98)
[2016.11.04-10.21.17:543][272]LogModuleManager: Shutting down and abandoning module Paper2DEditor (97)
[2016.11.04-10.21.17:543][272]LogModuleManager: Shutting down and abandoning module UdpMessaging (96)
[2016.11.04-10.21.17:644][272]LogModuleManager: Shutting down and abandoning module TcpMessaging (95)
[2016.11.04-10.21.17:644][272]LogModuleManager: Shutting down and abandoning module LightPropagationVolumeRuntime (94)
[2016.11.04-10.21.17:644][272]LogModuleManager: Shutting down and abandoning module Paper2D (93)
[2016.11.04-10.21.17:644][272]LogModuleManager: Shutting down and abandoning module WindowsMoviePlayer (92)
[2016.11.04-10.21.17:644][272]LogModuleManager: Shutting down and abandoning module WmfMedia (91)
[2016.11.04-10.21.17:644][272]LogModuleManager: Shutting down and abandoning module MediaAssets (90)
[2016.11.04-10.21.17:644][272]LogModuleManager: Shutting down and abandoning module GameLiveStreaming (89)
[2016.11.04-10.21.17:644][272]LogModuleManager: Shutting down and abandoning module GameplayTagsEditor (88)
[2016.11.04-10.21.17:644][272]LogModuleManager: Shutting down and abandoning module VREditor (87)
[2016.11.04-10.21.17:644][272]LogModuleManager: Shutting down and abandoning module GameplayTasksEditor (86)
[2016.11.04-10.21.17:644][272]LogModuleManager: Shutting down and abandoning module PropertyEditor (85)
[2016.11.04-10.21.17:644][272]LogModuleManager: Shutting down and abandoning module BehaviorTreeEditor (84)
[2016.11.04-10.21.17:644][272]LogModuleManager: Shutting down and abandoning module FunctionalTesting (83)
[2016.11.04-10.21.17:644][272]LogModuleManager: Shutting down and abandoning module CollisionAnalyzer (82)
[2016.11.04-10.21.17:644][272]LogModuleManager: Shutting down and abandoning module Sequencer (81)
[2016.11.04-10.21.17:644][272]LogModuleManager: Shutting down and abandoning module WorkspaceMenuStructure (80)
[2016.11.04-10.21.17:644][272]LogModuleManager: Shutting down and abandoning module MessageLog (79)
[2016.11.04-10.21.17:644][272]LogModuleManager: Shutting down and abandoning module AssetTools (78)
[2016.11.04-10.21.17:644][272]LogModuleManager: Shutting down and abandoning module UMGEditor (77)
[2016.11.04-10.21.17:644][272]LogModuleManager: Shutting down and abandoning module UMG (76)
[2016.11.04-10.21.17:644][272]LogModuleManager: Shutting down and abandoning module SlateReflector (75)
[2016.11.04-10.21.17:644][272]LogModuleManager: Shutting down and abandoning module Slate (74)
[2016.11.04-10.21.17:644][272]LogModuleManager: Shutting down and abandoning module EditorStyle (73)
[2016.11.04-10.21.17:646][272]LogModuleManager: Shutting down and abandoning module SourceCodeAccess (72)
[2016.11.04-10.21.17:646][272]LogModuleManager: Shutting down and abandoning module HeadMountedDisplay (71)
[2016.11.04-10.21.17:646][272]LogModuleManager: Shutting down and abandoning module XAudio2 (70)
[2016.11.04-10.21.17:646][272]LogModuleManager: Shutting down and abandoning module Networking (68)
[2016.11.04-10.21.17:646][272]LogModuleManager: Shutting down and abandoning module Core (67)
[2016.11.04-10.21.17:646][272]LogModuleManager: Shutting down and abandoning module DirectoryWatcher (66)
[2016.11.04-10.21.17:646][272]LogDirectoryWatcher: A directory notification for '../../../Engine/Content/' was aborted.
[2016.11.04-10.21.17:646][272]LogDirectoryWatcher: A directory notification for 'D:/Users/Andrew/Google Drive/Programming Projects-Year2-Sem1/Studio Lab/CarCombat/Content/' was aborted.
[2016.11.04-10.21.17:646][272]LogDirectoryWatcher: A directory notification for '../../../Engine/Plugins/2D/Paper2D/Content/' was aborted.
[2016.11.04-10.21.17:646][272]LogModuleManager: Shutting down and abandoning module AssetRegistry (65)
[2016.11.04-10.21.17:862][272]LogModuleManager: Shutting down and abandoning module KismetCompiler (64)
[2016.11.04-10.21.17:862][272]LogModuleManager: Shutting down and abandoning module PhysXFormats (63)
[2016.11.04-10.21.17:862][272]LogModuleManager: Shutting down and abandoning module MeshUtilities (62)
[2016.11.04-10.21.17:862][272]LogModuleManager: Shutting down and abandoning module DerivedDataCache (61)
[2016.11.04-10.21.17:942][272]LogDerivedDataCache: Shutdown
[2016.11.04-10.21.17:942][272]LogModuleManager: Shutting down and abandoning module VulkanShaderFormat (60)
[2016.11.04-10.21.17:942][272]LogModuleManager: Shutting down and abandoning module ShaderFormatOpenGL (59)
[2016.11.04-10.21.17:942][272]LogModuleManager: Shutting down and abandoning module ShaderFormatD3D (58)
[2016.11.04-10.21.17:942][272]LogModuleManager: Shutting down and abandoning module MetalShaderFormat (57)
[2016.11.04-10.21.17:942][272]LogModuleManager: Shutting down and abandoning module TextureFormatUncompressed (56)
[2016.11.04-10.21.17:942][272]LogModuleManager: Shutting down and abandoning module TextureFormatPVR (55)
[2016.11.04-10.21.17:942][272]LogModuleManager: Shutting down and abandoning module TextureFormatDXT (54)
[2016.11.04-10.21.17:942][272]LogModuleManager: Shutting down and abandoning module TextureFormatIntelISPCTexComp (53)
[2016.11.04-10.21.17:942][272]LogModuleManager: Shutting down and abandoning module ImageWrapper (52)
[2016.11.04-10.21.17:942][272]LogModuleManager: Shutting down and abandoning module TextureFormatASTC (51)
[2016.11.04-10.21.17:942][272]LogModuleManager: Shutting down and abandoning module TextureFormatAndroid (50)
[2016.11.04-10.21.17:942][272]LogModuleManager: Shutting down and abandoning module AudioFormatOpus (49)
[2016.11.04-10.21.17:942][272]LogModuleManager: Shutting down and abandoning module AudioFormatOgg (48)
[2016.11.04-10.21.17:942][272]LogModuleManager: Shutting down and abandoning module AudioFormatADPCM (47)
[2016.11.04-10.21.17:942][272]LogModuleManager: Shutting down and abandoning module LinuxTargetPlatform (46)
[2016.11.04-10.21.17:942][272]LogModuleManager: Shutting down and abandoning module LinuxServerTargetPlatform (45)
[2016.11.04-10.21.17:942][272]LogModuleManager: Shutting down and abandoning module LinuxNoEditorTargetPlatform (44)
[2016.11.04-10.21.17:942][272]LogModuleManager: Shutting down and abandoning module LinuxClientTargetPlatform (43)
[2016.11.04-10.21.17:942][272]LogModuleManager: Shutting down and abandoning module TVOSTargetPlatform (42)
[2016.11.04-10.21.17:942][272]LogModuleManager: Shutting down and abandoning module Messaging (41)
[2016.11.04-10.21.17:942][272]LogModuleManager: Shutting down and abandoning module IOSTargetPlatform (40)
[2016.11.04-10.21.17:942][272]LogModuleManager: Shutting down and abandoning module HTML5TargetPlatform (39)
[2016.11.04-10.21.17:942][272]LogModuleManager: Shutting down and abandoning module Android_PVRTCTargetPlatform (38)
[2016.11.04-10.21.17:942][272]LogModuleManager: Shutting down and abandoning module Android_MultiTargetPlatform (37)
[2016.11.04-10.21.17:942][272]LogModuleManager: Shutting down and abandoning module Android_ETC2TargetPlatform (36)
[2016.11.04-10.21.17:942][272]LogModuleManager: Shutting down and abandoning module Android_ETC1TargetPlatform (35)
[2016.11.04-10.21.17:942][272]LogModuleManager: Shutting down and abandoning module Android_DXTTargetPlatform (34)
[2016.11.04-10.21.17:942][272]LogModuleManager: Shutting down and abandoning module Android_ATCTargetPlatform (33)
[2016.11.04-10.21.17:942][272]LogModuleManager: Shutting down and abandoning module Android_ASTCTargetPlatform (32)
[2016.11.04-10.21.17:942][272]LogModuleManager: Shutting down and abandoning module AndroidTargetPlatform (31)
[2016.11.04-10.21.17:942][272]LogModuleManager: Shutting down and abandoning module WindowsTargetPlatform (30)
[2016.11.04-10.21.17:942][272]LogModuleManager: Shutting down and abandoning module WindowsServerTargetPlatform (29)
[2016.11.04-10.21.17:942][272]LogModuleManager: Shutting down and abandoning module WindowsNoEditorTargetPlatform (28)
[2016.11.04-10.21.17:942][272]LogModuleManager: Shutting down and abandoning module WindowsClientTargetPlatform (27)
[2016.11.04-10.21.17:942][272]LogModuleManager: Shutting down and abandoning module AllDesktopTargetPlatform (26)
[2016.11.04-10.21.17:942][272]LogModuleManager: Shutting down and abandoning module TargetPlatform (25)
[2016.11.04-10.21.17:942][272]LogModuleManager: Shutting down and abandoning module InputCore (24)
[2016.11.04-10.21.17:942][272]LogModuleManager: Shutting down and abandoning module Settings (23)
[2016.11.04-10.21.17:942][272]LogModuleManager: Shutting down and abandoning module OculusRift (22)
[2016.11.04-10.21.17:942][272]LogModuleManager: Shutting down and abandoning module GearVR (21)
[2016.11.04-10.21.17:942][272]LogModuleManager: Shutting down and abandoning module ExampleDeviceProfileSelector (20)
[2016.11.04-10.21.17:942][272]LogModuleManager: Shutting down and abandoning module OnlineBlueprintSupport (19)
[2016.11.04-10.21.17:942][272]LogModuleManager: Shutting down and abandoning module OnlineSubsystem (17)
[2016.11.04-10.21.17:942][272]LogOnline:Display: Unloading online subsystem: NULL
[2016.11.04-10.21.17:942][272]LogModuleManager: Shutting down and abandoning module HTTP (16)
[2016.11.04-10.21.17:942][272]LogHttp:Display: Http module shutting down, but needs to wait on 1 outstanding Http requests:
[2016.11.04-10.21.17:942][272]LogHttp:Display: 	verb=[POST] url=[https://datarouter.ol.epicgames.com/datarouter/api/v1/public/data?SessionID=%7BA732D4DD-45C7-2FD7-7289-45AC4820CA74%7D&AppID=UEEditor.Rocket.Release&AppVersion=%2B%2BUE4%2BRelease-4.13-CL-3106830&UserID=958fcb0042083977bbb178aee6a0281f%7Cc5772fd6d8f34da8a6e707c33478795d%7Cd0d2e4d6-502a-412e-ace0-4410273a65f4&AppEnvironment=datacollector-binary&UploadType=eteventstream] status=Processing
[2016.11.04-10.21.17:964][272]LogModuleManager: Shutting down and abandoning module XMPP (15)
[2016.11.04-10.21.17:964][272]LogModuleManager: Shutting down and abandoning module TextureCompressor (14)
[2016.11.04-10.21.17:964][272]LogModuleManager: Shutting down and abandoning module ShaderCore (13)
[2016.11.04-10.21.17:964][272]LogModuleManager: Shutting down and abandoning module Landscape (12)
[2016.11.04-10.21.17:964][272]LogModuleManager: Shutting down and abandoning module SlateRHIRenderer (11)
[2016.11.04-10.21.17:965][272]LogModuleManager: Shutting down and abandoning module OpenGLDrv (10)
[2016.11.04-10.21.17:965][272]LogModuleManager: Shutting down and abandoning module D3D11RHI (9)
[2016.11.04-10.21.17:965][272]LogModuleManager: Shutting down and abandoning module AnimGraphRuntime (8)
[2016.11.04-10.21.17:965][272]LogModuleManager: Shutting down and abandoning module Renderer (7)
[2016.11.04-10.21.17:965][272]LogModuleManager: Shutting down and abandoning module Engine (6)
[2016.11.04-10.21.17:965][272]LogModuleManager: Shutting down and abandoning module CoreUObject (5)
[2016.11.04-10.21.17:965][272]LogModuleManager: Shutting down and abandoning module NetworkFile (4)
[2016.11.04-10.21.17:965][272]LogModuleManager: Shutting down and abandoning module StreamingFile (3)
[2016.11.04-10.21.17:965][272]LogModuleManager: Shutting down and abandoning module SandboxFile (2)
[2016.11.04-10.21.17:965][272]LogModuleManager: Shutting down and abandoning module PakFile (1)
[2016.11.04-10.21.17:970][272]LogExit: Exiting.
[2016.11.04-10.21.17:972][272]Log file closed, 11/04/16 06:21:17
