"../../../Engine/Content/Functions/Engine_MaterialFunctions01/Shading/PowerToRoughness.uasset" 0
"../../../Engine/Content/Functions/Engine_MaterialFunctions01/Shading/ConvertFromDiffSpec.uasset" 1
"../../../Engine/Content/EngineMaterials/DefaultDiffuse.uasset" 2
"../../../Engine/Content/EngineMaterials/DefaultDeferredDecalMaterial.uasset" 3
"../../../Engine/Content/EngineMaterials/DefaultLightFunctionMaterial.uasset" 4
"../../../Engine/Content/Functions/Engine_MaterialFunctions02/Utility/BreakOutFloat2Components.uasset" 5
"../../../Engine/Content/EngineMaterials/DefaultPostProcessMaterial.uasset" 6
"../../../Engine/Content/EditorMaterials/Camera/CineMat.uasset" 7
"../../../Engine/Content/EditorMaterials/Camera/MI_CineMat_Rig.uasset" 8
"../../../Engine/Content/EditorMeshes/Camera/SM_CraneRig_Base.uasset" 9
"../../../Engine/Content/EditorMeshes/Camera/SM_CraneRig_Arm.uasset" 10
"../../../Engine/Content/EditorMeshes/Camera/SM_CraneRig_Mount.uasset" 11
"../../../Engine/Content/EditorMeshes/Camera/SM_CraneRig_Body.uasset" 12
"../../../Engine/Content/EditorMeshes/Camera/SM_RailRig_Track.uasset" 13
"../../../Engine/Content/EditorMeshes/Camera/SM_RailRig_Mount.uasset" 14
"../../../Engine/Content/EngineResources/AICON-Red.uasset" 15
"../../../Engine/Content/EngineResources/AICON-Green.uasset" 16
"../../../Engine/Content/EngineFonts/Roboto.uasset" 17
"../../../Engine/Content/EngineResources/DefaultTexture.uasset" 18
"../../../Engine/Content/Functions/Engine_MaterialFunctions01/Texturing/ScaleUVsByCenter.uasset" 19
"../../../Engine/Content/Functions/Engine_MaterialFunctions02/ScreenResolution.uasset" 20
"../../../Engine/Content/Functions/Engine_MaterialFunctions02/Texturing/ScreenAlignedUVs.uasset" 21
"../../../Engine/Content/EngineResources/WhiteSquareTexture.uasset" 22
"../../../Engine/Content/EngineMaterials/Widget3DPassThrough.uasset" 23
"../../../Engine/Content/EngineMaterials/Widget3DPassThrough_Translucent.uasset" 24
"../../../Engine/Content/EngineMaterials/Widget3DPassThrough_Translucent_OneSided.uasset" 25
"../../../Engine/Content/EngineMaterials/Widget3DPassThrough_Opaque.uasset" 26
"../../../Engine/Content/EngineMaterials/Widget3DPassThrough_Opaque_OneSided.uasset" 27
"../../../Engine/Content/EngineMaterials/Widget3DPassThrough_Masked.uasset" 28
"../../../Engine/Content/EngineMaterials/Widget3DPassThrough_Masked_OneSided.uasset" 29
"../../../Engine/Content/EditorResources/S_Actor.uasset" 30
"../../../Engine/Content/EngineSky/EpicQuadPanorama_CC+EV1.uasset" 31
"../../../Engine/Content/Maps/Templates/Thumbnails/Default.uasset" 32
"../../../Engine/Content/Maps/Templates/Thumbnails/VR-Basic.uasset" 33
"../../../Engine/Content/EditorMaterials/ParticleSystems/PSysThumbnail_NoImage.uasset" 34
"../../../Engine/Content/EditorMaterials/ParticleSystems/PSysThumbnail_OOD.uasset" 35
"../../../Engine/Content/EditorLandscapeResources/DataLayer.uasset" 36
"../../../Engine/Content/EngineDamageTypes/DmgTypeBP_Environmental.uasset" 37
"../../../Engine/Content/EngineMeshes/Sphere.uasset" 38
"../../../Engine/Content/EngineFonts/RobotoDistanceField.uasset" 39
"../../../Engine/Content/EngineMaterials/DefaultTextMaterialOpaque.uasset" 40
"../../../Engine/Content/EditorResources/S_Trigger.uasset" 41
"../../../Engine/Content/EngineResources/GradientTexture0.uasset" 42
"../../../Engine/Content/EngineResources/Black.uasset" 43
"../../../Engine/Content/EditorMaterials/MatineeGroups/MAT_Groups_Float.uasset" 44
"../../../Engine/Content/EditorMaterials/MatineeGroups/MAT_Groups_Director.uasset" 45
"../../../Engine/Content/EditorMaterials/MatineeGroups/MAT_Groups_Event.uasset" 46
"../../../Engine/Content/EditorMaterials/MatineeGroups/MAT_Groups_Anim.uasset" 47
"../../../Engine/Content/EditorMaterials/MatineeGroups/MAT_Groups_Fade.uasset" 48
"../../../Engine/Content/EditorMaterials/MatineeGroups/MAT_Groups_Move.uasset" 49
"../../../Engine/Content/EditorMaterials/MatineeGroups/MAT_Groups_Slomo.uasset" 50
"../../../Engine/Content/EditorMaterials/MatineeGroups/MAT_ColorTrack.uasset" 51
"../../../Engine/Content/EditorMaterials/MAT_Groups_Toggle.uasset" 52
"../../../Engine/Content/EditorMaterials/MatineeGroups/MAT_Groups_AudioMaster.uasset" 53
"../../../Engine/Content/EditorMaterials/MatineeGroups/MAT_Groups_Sound.uasset" 54
"../../../Engine/Content/EditorMaterials/MatineeGroups/MAT_Groups_Vector.uasset" 55
"../../../Engine/Content/EditorMaterials/MAT_Groups_Visibility.uasset" 56
"../../../Engine/Content/EngineResources/DefaultTextureCube.uasset" 57
"../../../Engine/Content/Functions/Engine_MaterialFunctions01/Opacity/CameraDepthFade.uasset" 58
"../../../Engine/Content/EngineMaterials/T_Default_Material_Grid_M.uasset" 59
"../../../Engine/Content/EngineMaterials/T_Default_Material_Grid_N.uasset" 60
"../../../Engine/Content/EngineMaterials/DefaultMaterial.uasset" 61
"../../../Engine/Content/EngineMeshes/Cylinder.uasset" 62
"../../../Engine/Content/EngineTireTypes/DefaultTireType.uasset" 63
"../../../Engine/Content/VREditor/LaserPointer/VR_LaserPower_01.uasset" 64
"../../../Engine/Content/VREditor/TransformGizmo/TransformGizmoMaterial.uasset" 65
"../../../Engine/Content/VREditor/TransformGizmo/TranslucentTransformGizmoMaterial.uasset" 66
"../../../Engine/Content/VREditor/TransformGizmo/UniformScaleHandle.uasset" 67
"../../../Engine/Content/VREditor/TransformGizmo/TranslateHandleLong.uasset" 68
"../../../Engine/Content/VREditor/TransformGizmo/PlaneTranslationHandle.uasset" 69
"../../../Engine/Content/VREditor/TransformGizmo/RotationHandleFull.uasset" 70
"../../../Engine/Content/VREditor/TransformGizmo/StretchingHandle.uasset" 71
"../../../Engine/Content/VREditor/TransformGizmo/BoundingBoxCorner.uasset" 72
"../../../Engine/Content/VREditor/TransformGizmo/BoundingBoxEdge.uasset" 73
"../../../Engine/Content/VREditor/UI/SelectionBarMesh.uasset" 74
"../../../Engine/Content/VREditor/UI/CloseButtonMesh.uasset" 75
"../../../Engine/Content/VREditor/FloatingText/LineMaterial.uasset" 76
"../../../Engine/Content/VREditor/FloatingText/LineSegmentCylinder.uasset" 77
"../../../Engine/Content/VREditor/FloatingText/JointSphere.uasset" 78
"../../../Engine/Content/VREditor/Fonts/VRText_RobotoLarge.uasset" 79
"../../../Engine/Content/VREditor/Fonts/VRTextMaterial.uasset" 80
"../../../Engine/Content/VREditor/Fonts/TranslucentVRTextMaterial.uasset" 81
"../../../Engine/Content/VREditor/TransformGizmo/TranslationHandle.uasset" 82
"../../../Engine/Content/VREditor/TransformGizmo/RotationHandle.uasset" 83
"../../../Engine/Content/VREditor/Devices/Generic/GenericHMDMaterial.uasset" 84
"../../../Engine/Content/VREditor/Devices/Generic/GenericHMD.uasset" 85
"../../../Engine/Content/Functions/Engine_MaterialFunctions01/Gradient/RadialGradient.uasset" 86
"../../../Engine/Content/EditorLandscapeResources/FlattenHeightMat.uasset" 87
"../../../Engine/Content/VREditor/WorldMovementGrid/PlaneMesh.uasset" 88
"../../../Engine/Content/VREditor/WorldMovementGrid/SimpleGrid.uasset" 89
"../../../Engine/Content/VREditor/WorldMovementGrid/GridMaterial.uasset" 90
"../../../Engine/Content/VREditor/LaserPointer/LaserPointerMaterial.uasset" 91
"../../../Engine/Content/VREditor/LaserPointer/LaserPointerMaterialInst.uasset" 92
"../../../Engine/Content/VREditor/LaserPointer/TranslucentLaserPointerMaterialInst.uasset" 93
"../../../Engine/Content/VREditor/LaserPointer/LaserPointerMesh.uasset" 94
"../../../Engine/Content/Functions/Engine_MaterialFunctions01/Density/ExponentialDensity.uasset" 95
"../../../Engine/Content/VREditor/WorldMovementGrid/GridPostProcess.uasset" 96
"../../../Engine/Content/VREditor/Sounds/VR_teleport_Cue.uasset" 97
"../../../Engine/Content/VREditor/Sounds/VR_grab_Cue.uasset" 98
"../../../Engine/Content/Tutorial/Basics/TutorialAssets/icon_tab_Levels_40x.uasset" 99
"../../../Engine/Content/Tutorial/ContentIntroCurve.uasset" 100
"../../../Engine/Plugins/2D/Paper2D/Content/PlaceholderTextures/DummySpriteTexture.uasset" 101
"../../../Engine/Plugins/2D/Paper2D/Content/DefaultSpriteMaterial.uasset" 102
"../../../Engine/Plugins/2D/Paper2D/Content/MaskedUnlitSpriteMaterial.uasset" 103
"../../../Engine/Plugins/2D/Paper2D/Content/OpaqueUnlitSpriteMaterial.uasset" 104
"../../../Engine/Plugins/2D/Paper2D/Content/DummySprite.uasset" 105
"../../../Engine/Plugins/2D/Paper2D/Content/DefaultPaperTerrainMaterial.uasset" 106
"../../../Engine/Content/EngineMaterials/RemoveSurfaceMaterial.uasset" 107
"../../../Engine/Content/EngineDebugMaterials/DebugMeshMaterial.uasset" 108
"../../../Engine/Content/EngineMaterials/InvalidLightmapSettings.uasset" 109
"../../../Engine/Content/EngineMaterials/M_InvalidLightmapSettings.uasset" 110
"../../../Engine/Content/EditorMaterials/GizmoMaterial.uasset" 111
"../../../Engine/Content/EngineMaterials/PhAT_JointLimitMaterial.uasset" 112
"../../../Engine/Content/EngineMaterials/Good64x64TilingNoiseHighFreq.uasset" 113
"../../../Engine/Content/EngineMaterials/DefaultBokeh.uasset" 114
"../../../Engine/Content/EngineMaterials/PreintegratedSkinBRDF.uasset" 115
"../../../Engine/Content/EngineMaterials/MiniFont.uasset" 116
"../../../Engine/Content/EngineMaterials/WeightMapPlaceholderTexture.uasset" 117
"../../../Engine/Content/EngineMaterials/DefaultWhiteGrid.uasset" 118
"../../../Engine/Content/EngineMaterials/DefaultPhysicalMaterial.uasset" 119
"../../../Engine/Content/EngineFonts/RobotoTiny.uasset" 120
"../../../Engine/Content/EditorSounds/Notifications/CompileSuccess.uasset" 121
"../../../Engine/Content/EditorSounds/Notifications/CompileStart_Cue.uasset" 122
"../../../Engine/Content/EditorSounds/Notifications/CompileSuccess_Cue.uasset" 123
"../../../Engine/Content/EditorSounds/Notifications/CompileFailed.uasset" 124
"../../../Engine/Content/EditorSounds/Notifications/CompileFailed_Cue.uasset" 125
"../../../CarCombat/Content/VehicleAdv/ArenaMesh/CubeMaterial.uasset" 126
"../../../Engine/Content/MobileResources/HUD/MobileHUDButton3.uasset" 127
"../../../Engine/Content/MobileResources/HUD/AnalogHat.uasset" 128
"../../../Engine/Content/MobileResources/HUD/MobileHUDButtonFire.uasset" 129
"../../../Engine/Content/MobileResources/HUD/MobileHUDDirectionPad2.uasset" 130
"../../../Engine/Content/MobileResources/HUD/MobileHUDDirectionStick.uasset" 131
"../../../Engine/Content/MobileResources/HUD/T_Castle_ThumbstickOutter.uasset" 132
"../../../CarCombat/Content/NewCanvasRenderTarget2D.uasset" 133
"../../../CarCombat/Content/StarterContent/Textures/sci_fi_turret_4_diffuse.uasset" 134
"../../../CarCombat/Content/StarterContent/Textures/sci_fi_turret_4.uasset" 135
"../../../CarCombat/Content/VehicleAdvBP/Blueprints/sci_fi_turret_4.uasset" 136
"../../../CarCombat/Content/VehicleAdvBP/Blueprints/TurretGantry.uasset" 137
"../../../CarCombat/Content/TurretGantry_Blueprint.uasset" 138
"../../../CarCombat/Content/Geometry/Meshes/CubeMaterial.uasset" 139
"../../../CarCombat/Content/Geometry/Meshes/1M_Cube.uasset" 140
"../../../CarCombat/Content/Geometry/Meshes/1M_Cube_Chamfer.uasset" 141
"../../../CarCombat/Content/Geometry/Meshes/TemplateFloor.uasset" 142
"../../../CarCombat/Content/Myassets/sci_fi_turret_4.uasset" 143
"../../../CarCombat/Content/StarterContent/Materials/M_Basic_Wall.uasset" 144
"../../../CarCombat/Content/StarterContent/Architecture/Pillar_50x500.uasset" 145
"../../../CarCombat/Content/StarterContent/Architecture/Wall_400x300.uasset" 146
"../../../CarCombat/Content/StarterContent/Architecture/Wall_400x400.uasset" 147
"../../../CarCombat/Content/StarterContent/Architecture/Wall_500x500.uasset" 148
"../../../CarCombat/Content/StarterContent/Architecture/Wall_Door_400x400.uasset" 149
"../../../Engine/Content/EditorResources/AudioIcons/S_AudioComponent_AutoActivate.uasset" 150
"../../../Engine/Content/EditorResources/EmptyActor.uasset" 151
"../../../CarCombat/Content/StarterContent/Architecture/Wall_Window_400x400.uasset" 152
"../../../CarCombat/Content/StarterContent/Audio/Light01_Cue.uasset" 153
"../../../CarCombat/Content/StarterContent/Audio/Light02_Cue.uasset" 154
"../../../CarCombat/Content/StarterContent/Audio/Explosion_Cue.uasset" 155
"../../../CarCombat/Content/StarterContent/Textures/T_Burst_M.uasset" 156
"../../../CarCombat/Content/StarterContent/Particles/Materials/M_Burst.uasset" 157
"../../../CarCombat/Content/StarterContent/Textures/T_Explosion_SubUV.uasset" 158
"../../../CarCombat/Content/StarterContent/Particles/Materials/M_explosion_subUV.uasset" 159
"../../../CarCombat/Content/StarterContent/Particles/Materials/m_flare_01.uasset" 160
"../../../CarCombat/Content/StarterContent/Particles/Materials/M_radial_ramp.uasset" 161
"../../../CarCombat/Content/StarterContent/Textures/T_Smoke_SubUV.uasset" 162
"../../../CarCombat/Content/StarterContent/Textures/T_Smoke_Tiled_D.uasset" 163
"../../../CarCombat/Content/StarterContent/Particles/Materials/M_smoke_subUV.uasset" 164
"../../../CarCombat/Content/StarterContent/Particles/P_Explosion.uasset" 165
"../../../CarCombat/Content/StarterContent/Blueprints/Blueprint_Effect_Explosion.uasset" 166
"../../../Engine/Content/EditorMeshes/ColorCalibrator/T_ColorGrid.uasset" 167
"../../../CarCombat/Content/StarterContent/Materials/M_ColorGrid_LowSpec.uasset" 168
"../../../CarCombat/Content/StarterContent/Textures/T_Bush_D.uasset" 169
"../../../CarCombat/Content/StarterContent/Textures/T_Bush_N.uasset" 170
"../../../CarCombat/Content/StarterContent/Props/Materials/M_Bush.uasset" 171
"../../../CarCombat/Content/StarterContent/Props/SM_Bush.uasset" 172
"../../../CarCombat/Content/StarterContent/Textures/T_Chair_M.uasset" 173
"../../../CarCombat/Content/StarterContent/Textures/T_Chair_N.uasset" 174
"../../../CarCombat/Content/StarterContent/Props/Materials/M_Chair.uasset" 175
"../../../CarCombat/Content/StarterContent/Props/SM_Couch.uasset" 176
"../../../CarCombat/Content/StarterContent/Materials/M_Glass.uasset" 177
"../../../CarCombat/Content/StarterContent/Textures/T_Door_M.uasset" 178
"../../../CarCombat/Content/StarterContent/Textures/T_Door_N.uasset" 179
"../../../CarCombat/Content/StarterContent/Props/Materials/M_Door.uasset" 180
"../../../CarCombat/Content/StarterContent/Props/SM_Door.uasset" 181
"../../../CarCombat/Content/StarterContent/Props/Materials/M_MaterialSphere.uasset" 182
"../../../CarCombat/Content/StarterContent/Props/Materials/M_MaterialSphere_Plain.uasset" 183
"../../../CarCombat/Content/StarterContent/Props/SM_MatPreviewMesh_02.uasset" 184
"../../../Engine/Content/Functions/Engine_MaterialFunctions02/Utility/BlendAngleCorrectedNormals.uasset" 185
"../../../CarCombat/Content/StarterContent/Textures/T_Detail_Rocky_N.uasset" 186
"../../../CarCombat/Content/StarterContent/Textures/T_Rock_Basalt_D.uasset" 187
"../../../CarCombat/Content/StarterContent/Textures/T_RockMesh_M.uasset" 188
"../../../CarCombat/Content/StarterContent/Textures/T_RockMesh_N.uasset" 189
"../../../CarCombat/Content/StarterContent/Props/Materials/M_Rock.uasset" 190
"../../../CarCombat/Content/StarterContent/Props/SM_Rock.uasset" 191
"../../../CarCombat/Content/StarterContent/Textures/T_Shelf_M.uasset" 192
"../../../CarCombat/Content/StarterContent/Textures/T_Shelf_N.uasset" 193
"../../../CarCombat/Content/StarterContent/Props/Materials/M_Shelf.uasset" 194
"../../../CarCombat/Content/StarterContent/Props/SM_Shelf.uasset" 195
"../../../CarCombat/Content/StarterContent/Materials/M_Basic_Floor.uasset" 196
"../../../CarCombat/Content/StarterContent/Props/SM_Stairs.uasset" 197
"../../../CarCombat/Content/StarterContent/Shapes/Shape_Cone.uasset" 198
"../../../CarCombat/Content/StarterContent/Shapes/Shape_NarrowCapsule.uasset" 199
"../../../CarCombat/Content/StarterContent/Shapes/Shape_Pipe.uasset" 200
"../../../CarCombat/Content/StarterContent/Shapes/Shape_Pipe_180.uasset" 201
"../../../CarCombat/Content/StarterContent/Shapes/Shape_Pipe_90.uasset" 202
"../../../CarCombat/Content/StarterContent/Shapes/Shape_Plane.uasset" 203
"../../../CarCombat/Content/StarterContent/Shapes/Shape_Torus.uasset" 204
"../../../CarCombat/Content/StarterContent/Shapes/Shape_Trim.uasset" 205
"../../../CarCombat/Content/StarterContent/Shapes/Shape_Trim_90_In.uasset" 206
"../../../CarCombat/Content/StarterContent/Shapes/Shape_Trim_90_Out.uasset" 207
"../../../CarCombat/Content/StarterContent/Shapes/Shape_TriPyramid.uasset" 208
"../../../CarCombat/Content/StarterContent/Shapes/Shape_Tube.uasset" 209
"../../../CarCombat/Content/StarterContent/Shapes/Shape_Wedge_A.uasset" 210
"../../../CarCombat/Content/StarterContent/Shapes/Shape_Wedge_B.uasset" 211
"../../../CarCombat/Content/StarterContent/Shapes/Shape_WideCapsule.uasset" 212
"../../../CarCombat/Content/StarterContent/Textures/sci_fi_turret_4_baseMat.uasset" 213
"../../../CarCombat/Content/StarterContent/Textures/sci_fi_turret_4_gunsMat.uasset" 214
"../../../CarCombat/Content/StarterContent/Textures/sci_fi_turret_4_topMat.uasset" 215
"../../../CarCombat/Content/StarterContent/Textures/TurretGuns.uasset" 216
"../../../CarCombat/Content/StarterContent/Textures/TurretGuns_Mat.uasset" 217
"../../../Engine/Content/BasicShapes/Cylinder.uasset" 218
"../../../Engine/Content/BasicShapes/Sphere.uasset" 219
"../../../Engine/Content/EditorMaterials/PreviewShadowIndicator.uasset" 220
"../../../Engine/Content/EditorMaterials/PreviewShadowIndicatorMaterial.uasset" 221
"../../../Engine/Content/EditorResources/BSPVertex.uasset" 222
"../../../Engine/Content/EditorResources/AudioIcons/S_AudioComponent.uasset" 223
"../../../Engine/Content/EditorResources/LightIcons/S_LightError.uasset" 224
"../../../Engine/Content/EngineDebugMaterials/HeatmapGradient.uasset" 225
"../../../Engine/Content/EngineDebugMaterials/BoneWeightMaterial.uasset" 226
"../../../Engine/Content/EngineDebugMaterials/GeomMaterial.uasset" 227
"../../../Engine/Content/EngineMaterials/EditorBrushMaterial.uasset" 228
"../../../Engine/Content/EngineMeshes/Cube.uasset" 229
"../../../Engine/Content/MobileResources/T_MobileControls_texture.uasset" 230
"../../../Engine/Content/MobileResources/T_MobileMenu2.uasset" 231
"../../../Engine/Content/MobileResources/HUD/VirtualJoystick_Background.uasset" 232
"../../../Engine/Content/MobileResources/HUD/VirtualJoystick_Thumb.uasset" 233
"../../../Engine/Content/MobileResources/HUD/DefaultVirtualJoysticks.uasset" 234
"../../../Engine/Content/MobileResources/HUD/LeftVirtualJoystickOnly.uasset" 235
"../../../Engine/Content/MobileResources/HUD/MobileHUDButton1_off.uasset" 236
"../../../Engine/Content/MobileResources/HUD/MobileHUDButton1_on.uasset" 237
"../../../Engine/Content/MobileResources/HUD/MobileHUDButton2_off.uasset" 238
"../../../Engine/Content/MobileResources/HUD/MobileHUDButton2_on.uasset" 239
"../../../Engine/Content/MobileResources/HUD/MobileHUDDirectionPad.uasset" 240
"../../../Engine/Content/MobileResources/HUD/MobileHUDDirectionPad3.uasset" 241
"../../../Engine/Content/MobileResources/HUD/T_Castle_ThumbstickInner.uasset" 242
"../../../Engine/Content/Tutorial/BlueprintTutorials/TutorialAssets/BlueprintInterface_64x.uasset" 243
"../../../Engine/Content/Tutorial/BlueprintTutorials/TutorialAssets/BlueprintMacroLibrary_64x.uasset" 244
"../../../Engine/Content/Tutorial/BlueprintTutorials/TutorialAssets/Blueprint_64x.uasset" 245
"../../../Engine/Content/Tutorial/BlueprintTutorials/TutorialAssets/Tutorial_BP_Interface.uasset" 246
"../../../Engine/Content/Tutorial/Foliage/TutorialAssets/Foliage.uasset" 247
"../../../Engine/Content/Tutorial/Landscape/TutorialAssets/Landscape.uasset" 248
"../../../Engine/Content/Tutorial/Paper2D/TutorialAssets/Paper2DFlipbook_TutorialIcon.uasset" 249
"../../../Engine/Content/Tutorial/Paper2D/TutorialAssets/Paper2DSprite_TutorialIcon.uasset" 250
"../../../Engine/Content/Tutorial/SubEditors/TutorialAssets/icon_Editor_Preferences_General_40x.uasset" 251
"../../../Engine/Content/Tutorial/SubEditors/TutorialAssets/icon_ShowSkeletalMeshes_40x.uasset" 252
"../../../Engine/Content/Tutorial/SubEditors/TutorialAssets/TutorialMaterial.uasset" 253
"../../../Engine/Content/Tutorial/SubEditors/TutorialAssets/T_SmokeSubUV_8X8.uasset" 254
"../../../Engine/Content/Tutorial/SubEditors/TutorialAssets/T_soft_smoke.uasset" 255
"../../../Engine/Content/Tutorial/SubEditors/TutorialAssets/M_smoke_subUV_blackbody.uasset" 256
"../../../Engine/Content/Tutorial/SubEditors/TutorialAssets/TutorialParticleSystem.uasset" 257
"../../../Engine/Content/EngineMaterials/WorldGridMaterial.uasset" 258
"../../../Engine/Content/EditorMeshes/EditorCube.uasset" 259
"../../../Engine/Content/Tutorial/SubEditors/TutorialAssets/Tutorial_DM.uasset" 260
"../../../CarCombat/Content/VehicleAdv/NewActorComponent.uasset" 261
"../../../Engine/Content/EngineMaterials/Grid.uasset" 262
"../../../CarCombat/Content/VehicleAdv/Materials/MasterGrid.uasset" 263
"../../../CarCombat/Content/VehicleAdv/Materials/MaterialInstances/RedGrid.uasset" 264
"../../../CarCombat/Content/VehicleAdv/ArenaMesh/pole.uasset" 265
"../../../CarCombat/Content/VehicleAdv/Materials/MasterSolidColor.uasset" 266
"../../../CarCombat/Content/VehicleAdv/Materials/MaterialInstances/SolidOrange.uasset" 267
"../../../CarCombat/Content/VehicleAdv/ArenaMesh/RampTwist.uasset" 268
"../../../CarCombat/Content/VehicleAdv/ArenaMesh/RoadSegment_01.uasset" 269
"../../../CarCombat/Content/VehicleAdv/Sound/Engine_Speed_02_Loop.uasset" 270
"../../../CarCombat/Content/VehicleAdv/Sound/Engine_Speed_04_Loop.uasset" 271
"../../../CarCombat/Content/VehicleAdv/Sound/Engine_Speed_06_Loop.uasset" 272
"../../../CarCombat/Content/VehicleAdv/Textures/VehicleJoystick_BackgroundL.uasset" 273
"../../../CarCombat/Content/VehicleAdv/Textures/VehicleJoystick_BackgroundR.uasset" 274
"../../../CarCombat/Content/VehicleAdv/Vehicle/LeftVirtualJoystickOnly.uasset" 275
"../../../CarCombat/Content/VehicleAdv/Vehicle/VehicleBodyCollision.uasset" 276
"../../../CarCombat/Content/VehicleAdv/Vehicle/WheelData/Vehicle_BackTireType.uasset" 277
"../../../CarCombat/Content/VehicleAdv/Vehicle/WheelData/Vehicle_FrontTireType.uasset" 278
"../../../CarCombat/Content/VehicleAdv/Materials/Landscape.uasset" 279
"../../../Engine/Content/BasicShapes/Cone.uasset" 280
"../../../CarCombat/Content/VehicleAdvBP/Blueprints/Cone_Blueprint.uasset" 281
"../../../Engine/Content/EditorBlueprintResources/StandardMacros.uasset" 282
"../../../CarCombat/Content/VehicleAdvBP/Blueprints/Turret_GantryScript.uasset" 283
"../../../CarCombat/Content/VehicleAdvBP/Blueprints/TurretBase.uasset" 284
"../../../CarCombat/Content/VehicleAdvBP/Blueprints/TurretController.uasset" 285
"../../../CarCombat/Content/VehicleAdvBP/Blueprints/MainMenu/MainMenuHUD.uasset" 286
"../../../Engine/Content/Maps/Entry.umap" 287
"../../../CarCombat/Content/StarterContent/Blueprints/Assets/FogBrightnessLUT.uasset" 288
"../../../CarCombat/Content/StarterContent/Blueprints/Assets/SunlightColorLUT.uasset" 289
"../../../CarCombat/Content/StarterContent/Blueprints/Assets/M_LightStage_Arrows.uasset" 290
"../../../Engine/Content/MapTemplates/Sky/DaylightAmbientCubemap.uasset" 291
"../../../CarCombat/Content/StarterContent/Blueprints/Assets/M_LightStage_Skybox_Master.uasset" 292
"../../../CarCombat/Content/StarterContent/Blueprints/Assets/M_LightStage_Skybox_Black.uasset" 293
"../../../CarCombat/Content/StarterContent/Blueprints/Assets/M_LightStage_Skybox_HDRI.uasset" 294
"../../../Engine/Content/EditorMaterials/Thumbnails/SkySphereMaterial.uasset" 295
"../../../CarCombat/Content/StarterContent/Blueprints/Assets/Skybox.uasset" 296
"../../../CarCombat/Content/StarterContent/Blueprints/Assets/SM_Arrows.uasset" 297
"../../../CarCombat/Content/StarterContent/HDRI/HDRI_Epic_Courtyard_Daylight.uasset" 298
"../../../CarCombat/Content/StarterContent/Blueprints/BP_LightStudio.uasset" 299
"../../../CarCombat/Content/StarterContent/Materials/M_AssetPlatform.uasset" 300
"../../../Engine/Content/EditorMeshes/ColorCalibrator/M_ChromeBall.uasset" 301
"../../../Engine/Content/EditorMeshes/ColorCalibrator/M_ClearCoat.uasset" 302
"../../../Engine/Content/EditorMeshes/ColorCalibrator/M_ClearCoatBlack.uasset" 303
"../../../Engine/Content/EditorMeshes/ColorCalibrator/M_ColorGrid.uasset" 304
"../../../Engine/Content/EditorMeshes/ColorCalibrator/M_GreyBall.uasset" 305
"../../../Engine/Content/EditorMeshes/ColorCalibrator/SM_ColorCalibrator.uasset" 306
"../../../CarCombat/Content/StarterContent/Architecture/SM_AssetPlatform.uasset" 307
"../../../CarCombat/Content/StarterContent/Maps/Advanced_Lighting.umap" 308
"../../../CarCombat/Content/StarterContent/Audio/Fire01_Cue.uasset" 309
"../../../CarCombat/Content/StarterContent/Textures/T_Fire_SubUV.uasset" 310
"../../../CarCombat/Content/StarterContent/Textures/T_Fire_Tiled_D.uasset" 311
"../../../CarCombat/Content/StarterContent/Particles/Materials/M_Fire_SubUV.uasset" 312
"../../../CarCombat/Content/StarterContent/Textures/T_Water_N.uasset" 313
"../../../CarCombat/Content/StarterContent/Particles/Materials/M_Heat_Distortion.uasset" 314
"../../../CarCombat/Content/StarterContent/Particles/Materials/M_Radial_Gradient.uasset" 315
"../../../CarCombat/Content/StarterContent/Particles/P_Fire.uasset" 316
"../../../CarCombat/Content/StarterContent/Blueprints/Blueprint_Effect_Fire.uasset" 317
"../../../CarCombat/Content/StarterContent/Audio/Smoke01_Cue.uasset" 318
"../../../CarCombat/Content/StarterContent/Particles/P_Smoke.uasset" 319
"../../../CarCombat/Content/StarterContent/Blueprints/Blueprint_Effect_Smoke.uasset" 320
"../../../CarCombat/Content/StarterContent/Audio/Fire_Sparks01_Cue.uasset" 321
"../../../CarCombat/Content/StarterContent/Textures/T_Spark_Core.uasset" 322
"../../../CarCombat/Content/StarterContent/Particles/Materials/M_Spark.uasset" 323
"../../../CarCombat/Content/StarterContent/Particles/P_Sparks.uasset" 324
"../../../CarCombat/Content/StarterContent/Blueprints/Blueprint_Effect_Sparks.uasset" 325
"../../../CarCombat/Content/StarterContent/Audio/Steam01_Cue.uasset" 326
"../../../CarCombat/Content/StarterContent/Particles/P_Steam_Lit.uasset" 327
"../../../CarCombat/Content/StarterContent/Blueprints/Blueprint_Effect_Steam.uasset" 328
"../../../Engine/Content/EngineSky/C_Sky_Cloud_Color.uasset" 329
"../../../Engine/Content/EngineSky/C_Sky_Horizon_Color.uasset" 330
"../../../Engine/Content/EngineSky/C_Sky_Zenith_Color.uasset" 331
"../../../Engine/Content/EngineSky/T_Sky_Blue.uasset" 332
"../../../Engine/Content/EngineSky/T_Sky_Clouds_M.uasset" 333
"../../../Engine/Content/EngineSky/T_Sky_Stars.uasset" 334
"../../../Engine/Content/EngineSky/M_Sky_Panning_Clouds2.uasset" 335
"../../../Engine/Content/EngineSky/SM_SkySphere.uasset" 336
"../../../Engine/Content/EngineSky/BP_Sky_Sphere.uasset" 337
"../../../CarCombat/Content/StarterContent/Textures/T_Lamp_M.uasset" 338
"../../../CarCombat/Content/StarterContent/Textures/T_Lamp_N.uasset" 339
"../../../CarCombat/Content/StarterContent/Props/Materials/M_Lamp.uasset" 340
"../../../CarCombat/Content/StarterContent/Props/SM_Lamp_Ceiling.uasset" 341
"../../../CarCombat/Content/StarterContent/Blueprints/Blueprint_CeilingLight.uasset" 342
"../../../CarCombat/Content/StarterContent/Props/SM_Lamp_Wall.uasset" 343
"../../../CarCombat/Content/StarterContent/Blueprints/Blueprint_WallSconce.uasset" 344
"../../../Engine/Content/Functions/Engine_MaterialFunctions03/Procedurals/ComputeFilterWidth.uasset" 345
"../../../Engine/Content/EngineMaterials/AntiAliasedTextMaterialTranslucent.uasset" 346
"../../../CarCombat/Content/StarterContent/Textures/T_Brick_Clay_Beveled_D.uasset" 347
"../../../CarCombat/Content/StarterContent/Textures/T_Brick_Clay_Beveled_M.uasset" 348
"../../../CarCombat/Content/StarterContent/Textures/T_Brick_Clay_Beveled_N.uasset" 349
"../../../CarCombat/Content/StarterContent/Textures/T_MacroVariation.uasset" 350
"../../../CarCombat/Content/StarterContent/Materials/M_Brick_Clay_Beveled.uasset" 351
"../../../CarCombat/Content/StarterContent/Textures/T_Brick_Clay_New_D.uasset" 352
"../../../CarCombat/Content/StarterContent/Textures/T_Brick_Clay_New_M.uasset" 353
"../../../CarCombat/Content/StarterContent/Textures/T_Brick_Clay_New_N.uasset" 354
"../../../CarCombat/Content/StarterContent/Materials/M_Brick_Clay_New.uasset" 355
"../../../CarCombat/Content/StarterContent/Textures/T_Brick_Clay_Old_D.uasset" 356
"../../../CarCombat/Content/StarterContent/Textures/T_Brick_Clay_Old_N.uasset" 357
"../../../CarCombat/Content/StarterContent/Textures/T_Perlin_Noise_M.uasset" 358
"../../../CarCombat/Content/StarterContent/Materials/M_Brick_Clay_Old.uasset" 359
"../../../CarCombat/Content/StarterContent/Textures/T_Brick_Cut_Stone_D.uasset" 360
"../../../CarCombat/Content/StarterContent/Textures/T_Brick_Cut_Stone_N.uasset" 361
"../../../CarCombat/Content/StarterContent/Materials/M_Brick_Cut_Stone.uasset" 362
"../../../CarCombat/Content/StarterContent/Textures/T_Brick_Hewn_Stone_D.uasset" 363
"../../../CarCombat/Content/StarterContent/Textures/T_Brick_Hewn_Stone_M.uasset" 364
"../../../CarCombat/Content/StarterContent/Textures/T_Brick_Hewn_Stone_N.uasset" 365
"../../../CarCombat/Content/StarterContent/Materials/M_Brick_Hewn_Stone.uasset" 366
"../../../CarCombat/Content/StarterContent/Textures/T_Ceramic_Tile_M.uasset" 367
"../../../CarCombat/Content/StarterContent/Textures/T_Ceramic_Tile_N.uasset" 368
"../../../CarCombat/Content/StarterContent/Textures/T_Rock_Marble_Polished_D.uasset" 369
"../../../CarCombat/Content/StarterContent/Materials/M_Ceramic_Tile_Checker.uasset" 370
"../../../CarCombat/Content/StarterContent/Textures/T_CobbleStone_Pebble_D.uasset" 371
"../../../CarCombat/Content/StarterContent/Textures/T_CobbleStone_Pebble_M.uasset" 372
"../../../CarCombat/Content/StarterContent/Textures/T_CobbleStone_Pebble_N.uasset" 373
"../../../CarCombat/Content/StarterContent/Materials/M_CobbleStone_Pebble.uasset" 374
"../../../CarCombat/Content/StarterContent/Textures/T_CobbleStone_Rough_D.uasset" 375
"../../../CarCombat/Content/StarterContent/Textures/T_CobbleStone_Rough_N.uasset" 376
"../../../CarCombat/Content/StarterContent/Textures/T_Gradinet_01.uasset" 377
"../../../CarCombat/Content/StarterContent/Textures/T_Rock_Smooth_Granite_D.uasset" 378
"../../../CarCombat/Content/StarterContent/Materials/M_CobbleStone_Rough.uasset" 379
"../../../CarCombat/Content/StarterContent/Textures/T_CobbleStone_Smooth_D.uasset" 380
"../../../CarCombat/Content/StarterContent/Textures/T_CobbleStone_Smooth_M.uasset" 381
"../../../CarCombat/Content/StarterContent/Textures/T_CobbleStone_Smooth_N.uasset" 382
"../../../CarCombat/Content/StarterContent/Materials/M_CobbleStone_Smooth.uasset" 383
"../../../CarCombat/Content/StarterContent/Textures/T_Concrete_Grime_D.uasset" 384
"../../../CarCombat/Content/StarterContent/Textures/T_Metal_Rust_N.uasset" 385
"../../../CarCombat/Content/StarterContent/Materials/M_Concrete_Grime.uasset" 386
"../../../CarCombat/Content/StarterContent/Textures/T_Concrete_Panels_D.uasset" 387
"../../../CarCombat/Content/StarterContent/Textures/T_Concrete_Panels_N.uasset" 388
"../../../CarCombat/Content/StarterContent/Materials/M_Concrete_Panels.uasset" 389
"../../../CarCombat/Content/StarterContent/Textures/T_Concrete_Poured_D.uasset" 390
"../../../CarCombat/Content/StarterContent/Textures/T_Concrete_Poured_N.uasset" 391
"../../../CarCombat/Content/StarterContent/Materials/M_Concrete_Poured.uasset" 392
"../../../CarCombat/Content/StarterContent/Textures/T_Concrete_Tiles_D.uasset" 393
"../../../CarCombat/Content/StarterContent/Textures/T_Concrete_Tiles_M.uasset" 394
"../../../CarCombat/Content/StarterContent/Textures/T_Concrete_Tiles_N.uasset" 395
"../../../CarCombat/Content/StarterContent/Textures/T_Concrete_Tiles_Variation_M.uasset" 396
"../../../CarCombat/Content/StarterContent/Materials/M_Concrete_Tiles.uasset" 397
"../../../CarCombat/Content/StarterContent/Textures/T_Ground_Grass_D.uasset" 398
"../../../CarCombat/Content/StarterContent/Textures/T_Ground_Grass_N.uasset" 399
"../../../CarCombat/Content/StarterContent/Materials/M_Ground_Grass.uasset" 400
"../../../CarCombat/Content/StarterContent/Textures/T_Ground_Gravel_D.uasset" 401
"../../../CarCombat/Content/StarterContent/Textures/T_Ground_Gravel_N.uasset" 402
"../../../CarCombat/Content/StarterContent/Materials/M_Ground_Gravel.uasset" 403
"../../../CarCombat/Content/StarterContent/Textures/T_ground_Moss_D.uasset" 404
"../../../CarCombat/Content/StarterContent/Textures/T_Ground_Moss_N.uasset" 405
"../../../CarCombat/Content/StarterContent/Materials/M_Ground_Moss.uasset" 406
"../../../CarCombat/Content/StarterContent/Materials/M_Metal_Brushed_Nickel.uasset" 407
"../../../CarCombat/Content/StarterContent/Textures/T_Metal_Aluminum_D.uasset" 408
"../../../CarCombat/Content/StarterContent/Textures/T_Metal_Gold_N.uasset" 409
"../../../CarCombat/Content/StarterContent/Materials/M_Metal_Burnished_Steel.uasset" 410
"../../../CarCombat/Content/StarterContent/Materials/M_Metal_Chrome.uasset" 411
"../../../CarCombat/Content/StarterContent/Textures/T_Metal_Copper_D.uasset" 412
"../../../CarCombat/Content/StarterContent/Materials/M_Metal_Copper.uasset" 413
"../../../CarCombat/Content/StarterContent/Textures/T_Metal_Gold_D.uasset" 414
"../../../CarCombat/Content/StarterContent/Materials/M_Metal_Gold.uasset" 415
"../../../CarCombat/Content/StarterContent/Textures/T_Metal_Rust_D.uasset" 416
"../../../CarCombat/Content/StarterContent/Materials/M_Metal_Rust.uasset" 417
"../../../CarCombat/Content/StarterContent/Textures/T_Metal_Steel_D.uasset" 418
"../../../CarCombat/Content/StarterContent/Textures/T_Metal_Steel_N.uasset" 419
"../../../CarCombat/Content/StarterContent/Materials/M_Metal_Steel.uasset" 420
"../../../CarCombat/Content/StarterContent/Textures/T_Rock_Basalt_N.uasset" 421
"../../../CarCombat/Content/StarterContent/Materials/M_Rock_Basalt.uasset" 422
"../../../CarCombat/Content/StarterContent/Materials/M_Rock_Marble_Polished.uasset" 423
"../../../CarCombat/Content/StarterContent/Textures/T_Rock_Sandstone_D.uasset" 424
"../../../CarCombat/Content/StarterContent/Textures/T_Rock_Sandstone_N.uasset" 425
"../../../CarCombat/Content/StarterContent/Materials/M_Rock_Sandstone.uasset" 426
"../../../CarCombat/Content/StarterContent/Textures/T_Rock_Slate_D.uasset" 427
"../../../CarCombat/Content/StarterContent/Textures/T_Rock_Slate_N.uasset" 428
"../../../CarCombat/Content/StarterContent/Materials/M_Rock_Slate.uasset" 429
"../../../CarCombat/Content/StarterContent/Textures/T_Checker_Noise_M.uasset" 430
"../../../CarCombat/Content/StarterContent/Textures/T_Single_Tile_N.uasset" 431
"../../../CarCombat/Content/StarterContent/Textures/T_Tech_Dot_M.uasset" 432
"../../../CarCombat/Content/StarterContent/Textures/T_Tech_Dot_N.uasset" 433
"../../../CarCombat/Content/StarterContent/Materials/M_Tech_Checker_Dot.uasset" 434
"../../../CarCombat/Content/StarterContent/Textures/T_Tech_Hex_Tile_M.uasset" 435
"../../../CarCombat/Content/StarterContent/Textures/T_Tech_Hex_Tile_N.uasset" 436
"../../../CarCombat/Content/StarterContent/Materials/M_Tech_Hex_Tile.uasset" 437
"../../../CarCombat/Content/StarterContent/Materials/M_Tech_Hex_Tile_Pulse.uasset" 438
"../../../CarCombat/Content/StarterContent/Textures/T_Tech_Panel_M.uasset" 439
"../../../CarCombat/Content/StarterContent/Textures/T_Tech_Panel_N.uasset" 440
"../../../CarCombat/Content/StarterContent/Materials/M_Tech_Panel.uasset" 441
"../../../CarCombat/Content/StarterContent/Materials/M_Water_Lake.uasset" 442
"../../../CarCombat/Content/StarterContent/Textures/T_Water_M.uasset" 443
"../../../CarCombat/Content/StarterContent/Materials/M_Water_Ocean.uasset" 444
"../../../CarCombat/Content/StarterContent/Textures/T_Wood_Floor_Walnut_D.uasset" 445
"../../../CarCombat/Content/StarterContent/Textures/T_Wood_Floor_Walnut_M.uasset" 446
"../../../CarCombat/Content/StarterContent/Textures/T_Wood_Floor_Walnut_N.uasset" 447
"../../../CarCombat/Content/StarterContent/Materials/M_Wood_Floor_Walnut_Polished.uasset" 448
"../../../Engine/Content/Functions/Engine_MaterialFunctions01/Opacity/AlphaOffset.uasset" 449
"../../../CarCombat/Content/StarterContent/Materials/M_Wood_Floor_Walnut_Worn.uasset" 450
"../../../CarCombat/Content/StarterContent/Textures/T_Wood_Oak_D.uasset" 451
"../../../CarCombat/Content/StarterContent/Textures/T_Wood_Oak_N.uasset" 452
"../../../CarCombat/Content/StarterContent/Materials/M_Wood_Oak.uasset" 453
"../../../CarCombat/Content/StarterContent/Textures/T_Wood_Pine_D.uasset" 454
"../../../CarCombat/Content/StarterContent/Textures/T_Wood_Pine_N.uasset" 455
"../../../CarCombat/Content/StarterContent/Materials/M_Wood_Pine.uasset" 456
"../../../CarCombat/Content/StarterContent/Textures/T_Wood_Walnut_D.uasset" 457
"../../../CarCombat/Content/StarterContent/Textures/T_Wood_Walnut_N.uasset" 458
"../../../CarCombat/Content/StarterContent/Materials/M_Wood_Walnut.uasset" 459
"../../../CarCombat/Content/StarterContent/Architecture/Floor_400x400.uasset" 460
"../../../CarCombat/Content/StarterContent/Architecture/Wall_400x200.uasset" 461
"../../../CarCombat/Content/StarterContent/Architecture/Wall_Door_400x300.uasset" 462
"../../../CarCombat/Content/StarterContent/Architecture/Wall_Window_400x300.uasset" 463
"../../../CarCombat/Content/StarterContent/Audio/Collapse_Cue.uasset" 464
"../../../CarCombat/Content/StarterContent/Audio/Starter_Background_Cue.uasset" 465
"../../../CarCombat/Content/StarterContent/Audio/Starter_Music_Cue.uasset" 466
"../../../CarCombat/Content/StarterContent/Textures/T_Dust_Particle_D.uasset" 467
"../../../CarCombat/Content/StarterContent/Particles/Materials/M_Dust_Particle.uasset" 468
"../../../CarCombat/Content/StarterContent/Particles/P_Ambient_Dust.uasset" 469
"../../../CarCombat/Content/StarterContent/Props/MaterialSphere.uasset" 470
"../../../CarCombat/Content/StarterContent/Props/SM_Chair.uasset" 471
"../../../CarCombat/Content/StarterContent/Textures/T_Frame_M.uasset" 472
"../../../CarCombat/Content/StarterContent/Textures/T_Frame_N.uasset" 473
"../../../CarCombat/Content/StarterContent/Props/Materials/M_Frame.uasset" 474
"../../../CarCombat/Content/StarterContent/Props/SM_CornerFrame.uasset" 475
"../../../CarCombat/Content/StarterContent/Props/SM_DoorFrame.uasset" 476
"../../../CarCombat/Content/StarterContent/Props/SM_GlassWindow.uasset" 477
"../../../CarCombat/Content/StarterContent/Props/SM_PillarFrame.uasset" 478
"../../../CarCombat/Content/StarterContent/Props/SM_PillarFrame300.uasset" 479
"../../../CarCombat/Content/StarterContent/Textures/T_Statue_M.uasset" 480
"../../../CarCombat/Content/StarterContent/Textures/T_Statue_N.uasset" 481
"../../../CarCombat/Content/StarterContent/Props/Materials/M_Statue.uasset" 482
"../../../CarCombat/Content/StarterContent/Props/Materials/M_StatueGlass.uasset" 483
"../../../CarCombat/Content/StarterContent/Props/SM_Statue.uasset" 484
"../../../CarCombat/Content/StarterContent/Textures/T_TableRound_M.uasset" 485
"../../../CarCombat/Content/StarterContent/Textures/T_TableRound_N.uasset" 486
"../../../CarCombat/Content/StarterContent/Props/Materials/M_TableRound.uasset" 487
"../../../CarCombat/Content/StarterContent/Props/SM_TableRound.uasset" 488
"../../../CarCombat/Content/StarterContent/Props/SM_WindowFrame.uasset" 489
"../../../CarCombat/Content/StarterContent/Shapes/Shape_Cube.uasset" 490
"../../../CarCombat/Content/StarterContent/Shapes/Shape_QuadPyramid.uasset" 491
"../../../CarCombat/Content/StarterContent/Shapes/Shape_Sphere.uasset" 492
"../../../CarCombat/Content/StarterContent/Maps/StarterMap.umap" 493
"../../../CarCombat/Content/VehicleAdvBP/Blueprints/Bullet.uasset" 494
"../../../CarCombat/Content/VehicleAdvBP/Blueprints/TurretGuns.uasset" 495
"../../../CarCombat/Content/VehicleAdvBP/Blueprints/Enemy_Turret.uasset" 496
"../../../CarCombat/Content/VehicleAdv/Vehicle/VehicleSkeleton.uasset" 497
"../../../CarCombat/Content/VehicleAdv/Vehicle/VehicleAnimationBlueprint.uasset" 498
"../../../CarCombat/Content/VehicleAdvBP/Blueprints/PlayerHealth_HUD.uasset" 499
"../../../CarCombat/Content/VehicleAdvBP/Blueprints/VehicleAdvHud.uasset" 500
"../../../CarCombat/Content/VehicleAdvBP/Blueprints/VehicleAdvGameMode.uasset" 501
"../../../CarCombat/Content/VehicleAdvBP/Blueprints/WheelData/Vehicle_BackTireType.uasset" 502
"../../../CarCombat/Content/VehicleAdvBP/Blueprints/WheelData/WheelBack.uasset" 503
"../../../CarCombat/Content/VehicleAdvBP/Blueprints/WheelData/Vehicle_FrontTireType.uasset" 504
"../../../CarCombat/Content/VehicleAdvBP/Blueprints/WheelData/WheelFront.uasset" 505
"../../../CarCombat/Content/VehicleAdv/PhysicsMaterials/NonSlippery.uasset" 506
"../../../CarCombat/Content/VehicleAdv/Sound/Engine_att.uasset" 507
"../../../CarCombat/Content/VehicleAdv/Sound/Engine_Loop_Cue.uasset" 508
"../../../CarCombat/Content/VehicleAdv/Materials/Fixed_Template_Master.uasset" 509
"../../../CarCombat/Content/VehicleAdv/Materials/MaterialInstances/Template_BaseBlue.uasset" 510
"../../../CarCombat/Content/VehicleAdv/PhysicsMaterials/Slippery.uasset" 511
"../../../CarCombat/Content/VehicleAdv/Vehicle/VehiclePhysicsAsset.uasset" 512
"../../../CarCombat/Content/VehicleAdv/Vehicle/Vehicle_SkelMesh.uasset" 513
"../../../CarCombat/Content/VehicleAdvBP/Blueprints/VehicleBlueprint.uasset" 514
"../../../Engine/Content/BasicShapes/BasicShapeMaterial.uasset" 515
"../../../Engine/Content/BasicShapes/Cube.uasset" 516
"../../../CarCombat/Content/VehicleAdvBP/Blueprints/JumpPad.uasset" 517
"../../../CarCombat/Content/StarterContent/Shapes/Shape_Cylinder.uasset" 518
"../../../CarCombat/Content/VehicleAdvBP/Blueprints/LandMine.uasset" 519
"../../../CarCombat/Content/VehicleAdv/Materials/MaterialInstances/LandscapeNoHole.uasset" 520
"../../../Engine/Content/MapTemplates/SM_Template_Map_Floor.uasset" 521
"../../../CarCombat/Content/VehicleAdv/ArenaMesh/RampLarge.uasset" 522
"../../../CarCombat/Content/VehicleAdvBP/Maps/Combat.umap" 523
"../../../CarCombat/Content/VehicleAdvBP/Blueprints/MainMenu/VehicleAdvMenuGameMode.uasset" 524
"../../../CarCombat/Content/VehicleAdvBP/MenuAssets/1080normal.uasset" 525
"../../../CarCombat/Content/VehicleAdvBP/MenuAssets/640Normal.uasset" 526
"../../../CarCombat/Content/VehicleAdvBP/MenuAssets/720Normal.uasset" 527
"../../../CarCombat/Content/VehicleAdvBP/MenuAssets/MainMenuNormal.uasset" 528
"../../../CarCombat/Content/VehicleAdvBP/MenuAssets/OptionsNormal.uasset" 529
"../../../CarCombat/Content/VehicleAdvBP/MenuAssets/QuitGameNormal.uasset" 530
"../../../CarCombat/Content/VehicleAdvBP/MenuAssets/StartGameNormal.uasset" 531
"../../../CarCombat/Content/VehicleAdvBP/MenuAssets/TwistedMetal.uasset" 532
"../../../CarCombat/Content/VehicleAdvBP/Blueprints/MainMenu/MainMenu.uasset" 533
"../../../CarCombat/Content/VehicleAdvBP/Maps/Menumap.umap" 534
"../../../CarCombat/Content/VehicleAdvBP/Maps/LayerInfo/Desert_LayerInfo.uasset" 535
"../../../CarCombat/Content/VehicleAdvBP/Maps/LayerInfo/Track_LayerInfo.uasset" 536
"../../../CarCombat/Content/VehicleAdv/ArenaMesh/BumpWave.uasset" 537
"../../../CarCombat/Content/VehicleAdv/ArenaMesh/BumpWaveSmall.uasset" 538
"../../../CarCombat/Content/VehicleAdv/ArenaMesh/BumpWedge.uasset" 539
"../../../CarCombat/Content/VehicleAdv/ArenaMesh/LoopBig.uasset" 540
"../../../CarCombat/Content/VehicleAdv/ArenaMesh/LoopSmall.uasset" 541
"../../../CarCombat/Content/VehicleAdv/Materials/MaterialInstances/BlackGrid.uasset" 542
"../../../CarCombat/Content/VehicleAdv/ArenaMesh/StraightFull.uasset" 543
"../../../CarCombat/Content/VehicleAdv/ArenaMesh/StraightHalf.uasset" 544
"../../../CarCombat/Content/VehicleAdv/ArenaMesh/StraightQuarter.uasset" 545
"../../../CarCombat/Content/VehicleAdv/Materials/MaterialInstances/SolidRed.uasset" 546
"../../../CarCombat/Content/VehicleAdv/ArenaMesh/turn_22andhalf.uasset" 547
"../../../CarCombat/Content/VehicleAdv/ArenaMesh/Turn_45.uasset" 548
"../../../CarCombat/Content/VehicleAdv/ArenaMesh/Turn_90.uasset" 549
"../../../CarCombat/Content/VehicleAdv/ArenaMesh/Turn_90Large.uasset" 550
"../../../CarCombat/Content/VehicleAdvBP/Maps/VehicleAdvExampleMap.umap" 551
"../../../CarCombat/Content/StarterContent/Maps/Minimal_Default.umap" 552
